#
# There is insufficient memory for the Java Runtime Environment to continue.
# Native memory allocation (mmap) failed to map 89653248 bytes for committing reserved memory.
# Possible reasons:
#   The system is out of physical RAM or swap space
#   In 32 bit mode, the process size limit was hit
# Possible solutions:
#   Reduce memory load on the system
#   Increase physical memory or swap space
#   Check if swap backing store is full
#   Use 64 bit Java on a 64 bit OS
#   Decrease Java heap size (-Xmx/-Xms)
#   Decrease number of Java threads
#   Decrease Java thread stack sizes (-Xss)
#   Set larger code cache with -XX:ReservedCodeCacheSize=
# This output file may be truncated or incomplete.
#
#  Out of Memory Error (os_linux.cpp:2627), pid=12559, tid=0x00007f37caafa700
#
# JRE version: Java(TM) SE Runtime Environment (8.0_101-b13) (build 1.8.0_101-b13)
# Java VM: Java HotSpot(TM) 64-Bit Server VM (25.101-b13 mixed mode linux-amd64 compressed oops)
# Failed to write core dump. Core dumps have been disabled. To enable core dumping, try "ulimit -c unlimited" before starting Java again
#

---------------  T H R E A D  ---------------

Current thread (0x00007f37dc073800):  VMThread [stack: 0x00007f37ca9fa000,0x00007f37caafb000] [id=12566]

Stack: [0x00007f37ca9fa000,0x00007f37caafb000],  sp=0x00007f37caaf90a0,  free space=1020k
Native frames: (J=compiled Java code, j=interpreted, Vv=VM code, C=native code)
V  [libjvm.so+0xac3f0a]  VMError::report_and_die()+0x2ba
V  [libjvm.so+0x4fbf9b]  report_vm_out_of_memory(char const*, int, unsigned long, VMErrorType, char const*)+0x8b
V  [libjvm.so+0x9222d3]  os::Linux::commit_memory_impl(char*, unsigned long, bool)+0x103
V  [libjvm.so+0x922829]  os::pd_commit_memory(char*, unsigned long, unsigned long, bool)+0x29
V  [libjvm.so+0x91cb2a]  os::commit_memory(char*, unsigned long, unsigned long, bool)+0x2a
V  [libjvm.so+0x991053]  PSVirtualSpace::expand_by(unsigned long)+0x53
V  [libjvm.so+0x992458]  PSYoungGen::resize_generation(unsigned long, unsigned long)+0xf8
V  [libjvm.so+0x9915b2]  PSYoungGen::resize(unsigned long, unsigned long)+0x22
V  [libjvm.so+0x98e88b]  PSScavenge::invoke_no_policy()+0xf3b
V  [libjvm.so+0x98f011]  PSScavenge::invoke()+0x41
V  [libjvm.so+0x945fc0]  ParallelScavengeHeap::failed_mem_allocate(unsigned long)+0x70
V  [libjvm.so+0xac5927]  VM_ParallelGCFailedAllocation::doit()+0x97
V  [libjvm.so+0xacd405]  VM_Operation::evaluate()+0x55
V  [libjvm.so+0xacb7da]  VMThread::evaluate_operation(VM_Operation*)+0xba
V  [libjvm.so+0xacbb5e]  VMThread::loop()+0x1ce
V  [libjvm.so+0xacbfd0]  VMThread::run()+0x70
V  [libjvm.so+0x924698]  java_start(Thread*)+0x108

VM_Operation (0x00007f37c9931ae0): ParallelGCFailedAllocation, mode: safepoint, requested by thread 0x00007f37dc12e000


---------------  P R O C E S S  ---------------

Java Threads: ( => current thread )
  0x00007f37dc134000 JavaThread "pool-2-thread-4" [_thread_blocked, id=12579, stack(0x00007f37c942f000,0x00007f37c9530000)]
  0x00007f37dc132800 JavaThread "pool-2-thread-3" [_thread_blocked, id=12578, stack(0x00007f37c9530000,0x00007f37c9631000)]
  0x00007f37dc131000 JavaThread "pool-2-thread-2" [_thread_blocked, id=12577, stack(0x00007f37c9631000,0x00007f37c9732000)]
  0x00007f37dc130000 JavaThread "pool-3-thread-1" [_thread_blocked, id=12576, stack(0x00007f37c9732000,0x00007f37c9833000)]
  0x00007f37dc12e000 JavaThread "pool-2-thread-1" [_thread_blocked, id=12575, stack(0x00007f37c9833000,0x00007f37c9934000)]
  0x00007f37dc0b9800 JavaThread "Service Thread" daemon [_thread_blocked, id=12572, stack(0x00007f37c9a35000,0x00007f37c9b36000)]
  0x00007f37dc0b7000 JavaThread "C1 CompilerThread1" daemon [_thread_blocked, id=12571, stack(0x00007f37c9b36000,0x00007f37c9c37000)]
  0x00007f37dc0b4000 JavaThread "C2 CompilerThread0" daemon [_thread_blocked, id=12570, stack(0x00007f37c9c37000,0x00007f37c9d38000)]
  0x00007f37dc0b2800 JavaThread "Signal Dispatcher" daemon [_thread_blocked, id=12569, stack(0x00007f37c9d38000,0x00007f37c9e39000)]
  0x00007f37dc080000 JavaThread "Finalizer" daemon [_thread_blocked, id=12568, stack(0x00007f37ca7f8000,0x00007f37ca8f9000)]
  0x00007f37dc07b800 JavaThread "Reference Handler" daemon [_thread_blocked, id=12567, stack(0x00007f37ca8f9000,0x00007f37ca9fa000)]
  0x00007f37dc00a000 JavaThread "main" [_thread_blocked, id=12561, stack(0x00007f37e4946000,0x00007f37e4a47000)]

Other Threads:
=>0x00007f37dc073800 VMThread [stack: 0x00007f37ca9fa000,0x00007f37caafb000] [id=12566]
  0x00007f37dc0bc800 WatcherThread [stack: 0x00007f37c9934000,0x00007f37c9a35000] [id=12573]

VM state:at safepoint (normal execution)

VM Mutex/Monitor currently owned by a thread:  ([mutex/lock_event])
[0x00007f37dc006550] Threads_lock - owner thread: 0x00007f37dc073800
[0x00007f37dc006a50] Heap_lock - owner thread: 0x00007f37dc12e000

Heap:
 PSYoungGen      total 141824K, used 19958K [0x00000000eab00000, 0x00000000f4d00000, 0x0000000100000000)
  eden space 121856K, 0% used [0x00000000eab00000,0x00000000eab00000,0x00000000f2200000)
  from space 19968K, 99% used [0x00000000f2200000,0x00000000f357d878,0x00000000f3580000)
  to   space 15872K, 0% used [0x00000000f3580000,0x00000000f3580000,0x00000000f4500000)
 ParOldGen       total 42496K, used 40871K [0x00000000c0000000, 0x00000000c2980000, 0x00000000eab00000)
  object space 42496K, 96% used [0x00000000c0000000,0x00000000c27e9c98,0x00000000c2980000)
 Metaspace       used 6251K, capacity 7128K, committed 7424K, reserved 1056768K
  class space    used 610K, capacity 656K, committed 768K, reserved 1048576K

Card table byte_map: [0x00007f37e14ea000,0x00007f37e16eb000] byte_map_base: 0x00007f37e0eea000

Marking Bits: (ParMarkBitMap*) 0x00007f37e3e13120
 Begin Bits: [0x00007f37cb000000, 0x00007f37cc000000)
 End Bits:   [0x00007f37cc000000, 0x00007f37cd000000)

Polling page: 0x00007f37e4a62000

CodeCache: size=245760Kb used=6552Kb max_used=6552Kb free=239207Kb
 bounds [0x00007f37cd000000, 0x00007f37cd670000, 0x00007f37dc000000]
 total_blobs=2017 nmethods=1751 adapters=181
 compilation: enabled

Compilation events (10 events):
Event: 7.347 Thread 0x00007f37dc0b7000 nmethod 1994 0x00007f37cd667b90 code [0x00007f37cd667ce0, 0x00007f37cd667e50]
Event: 7.347 Thread 0x00007f37dc0b7000 1995       2       com.android.dx.command.dexer.Main::fixPath (56 bytes)
Event: 7.347 Thread 0x00007f37dc0b7000 nmethod 1995 0x00007f37cd667ed0 code [0x00007f37cd668060, 0x00007f37cd6682b8]
Event: 7.347 Thread 0x00007f37dc0b7000 1996       2       java.lang.String::lastIndexOf (11 bytes)
Event: 7.347 Thread 0x00007f37dc0b7000 nmethod 1996 0x00007f37cd6684d0 code [0x00007f37cd668640, 0x00007f37cd6687e8]
Event: 7.347 Thread 0x00007f37dc0b7000 1997       2       java.lang.String::lastIndexOf (25 bytes)
Event: 7.348 Thread 0x00007f37dc0b7000 nmethod 1997 0x00007f37cd668910 code [0x00007f37cd668a80, 0x00007f37cd668c28]
Event: 7.348 Thread 0x00007f37dc0b7000 1999   !   2       com.android.dx.command.dexer.Main::processClass (61 bytes)
Event: 7.348 Thread 0x00007f37dc0b7000 nmethod 1999 0x00007f37cd668d50 code [0x00007f37cd668f00, 0x00007f37cd6692d8]
Event: 7.348 Thread 0x00007f37dc0b7000 2000       2       com.android.dx.command.dexer.Main::checkClassName (124 bytes)

GC Heap History (10 events):
Event: 3.003 GC heap after
Heap after GC invocations=4 (full 0):
 PSYoungGen      total 34304K, used 2528K [0x00000000eab00000, 0x00000000ecf00000, 0x0000000100000000)
  eden space 31744K, 0% used [0x00000000eab00000,0x00000000eab00000,0x00000000eca00000)
  from space 2560K, 98% used [0x00000000ecc80000,0x00000000ecef8028,0x00000000ecf00000)
  to   space 2560K, 0% used [0x00000000eca00000,0x00000000eca00000,0x00000000ecc80000)
 ParOldGen       total 42496K, used 7873K [0x00000000c0000000, 0x00000000c2980000, 0x00000000eab00000)
  object space 42496K, 18% used [0x00000000c0000000,0x00000000c07b0650,0x00000000c2980000)
 Metaspace       used 5786K, capacity 6768K, committed 7040K, reserved 1056768K
  class space    used 588K, capacity 616K, committed 640K, reserved 1048576K
}
Event: 3.373 GC heap before
{Heap before GC invocations=5 (full 0):
 PSYoungGen      total 34304K, used 34272K [0x00000000eab00000, 0x00000000ecf00000, 0x0000000100000000)
  eden space 31744K, 100% used [0x00000000eab00000,0x00000000eca00000,0x00000000eca00000)
  from space 2560K, 98% used [0x00000000ecc80000,0x00000000ecef8028,0x00000000ecf00000)
  to   space 2560K, 0% used [0x00000000eca00000,0x00000000eca00000,0x00000000ecc80000)
 ParOldGen       total 42496K, used 7873K [0x00000000c0000000, 0x00000000c2980000, 0x00000000eab00000)
  object space 42496K, 18% used [0x00000000c0000000,0x00000000c07b0650,0x00000000c2980000)
 Metaspace       used 5799K, capacity 6768K, committed 7040K, reserved 1056768K
  class space    used 588K, capacity 616K, committed 640K, reserved 1048576K
Event: 3.420 GC heap after
Heap after GC invocations=5 (full 0):
 PSYoungGen      total 34304K, used 2528K [0x00000000eab00000, 0x00000000efa00000, 0x0000000100000000)
  eden space 31744K, 0% used [0x00000000eab00000,0x00000000eab00000,0x00000000eca00000)
  from space 2560K, 98% used [0x00000000eca00000,0x00000000ecc78028,0x00000000ecc80000)
  to   space 8704K, 0% used [0x00000000ef180000,0x00000000ef180000,0x00000000efa00000)
 ParOldGen       total 42496K, used 12939K [0x00000000c0000000, 0x00000000c2980000, 0x00000000eab00000)
  object space 42496K, 30% used [0x00000000c0000000,0x00000000c0ca2da8,0x00000000c2980000)
 Metaspace       used 5799K, capacity 6768K, committed 7040K, reserved 1056768K
  class space    used 588K, capacity 616K, committed 640K, reserved 1048576K
}
Event: 3.765 GC heap before
{Heap before GC invocations=6 (full 0):
 PSYoungGen      total 34304K, used 34272K [0x00000000eab00000, 0x00000000efa00000, 0x0000000100000000)
  eden space 31744K, 100% used [0x00000000eab00000,0x00000000eca00000,0x00000000eca00000)
  from space 2560K, 98% used [0x00000000eca00000,0x00000000ecc78028,0x00000000ecc80000)
  to   space 8704K, 0% used [0x00000000ef180000,0x00000000ef180000,0x00000000efa00000)
 ParOldGen       total 42496K, used 12939K [0x00000000c0000000, 0x00000000c2980000, 0x00000000eab00000)
  object space 42496K, 30% used [0x00000000c0000000,0x00000000c0ca2da8,0x00000000c2980000)
 Metaspace       used 5845K, capacity 6832K, committed 7040K, reserved 1056768K
  class space    used 589K, capacity 616K, committed 640K, reserved 1048576K
Event: 3.821 GC heap after
Heap after GC invocations=6 (full 0):
 PSYoungGen      total 71680K, used 7136K [0x00000000eab00000, 0x00000000efb00000, 0x0000000100000000)
  eden space 62976K, 0% used [0x00000000eab00000,0x00000000eab00000,0x00000000ee880000)
  from space 8704K, 81% used [0x00000000ef180000,0x00000000ef878028,0x00000000efa00000)
  to   space 9216K, 0% used [0x00000000ee880000,0x00000000ee880000,0x00000000ef180000)
 ParOldGen       total 42496K, used 12939K [0x00000000c0000000, 0x00000000c2980000, 0x00000000eab00000)
  object space 42496K, 30% used [0x00000000c0000000,0x00000000c0ca2da8,0x00000000c2980000)
 Metaspace       used 5845K, capacity 6832K, committed 7040K, reserved 1056768K
  class space    used 589K, capacity 616K, committed 640K, reserved 1048576K
}
Event: 4.521 GC heap before
{Heap before GC invocations=7 (full 0):
 PSYoungGen      total 71680K, used 70112K [0x00000000eab00000, 0x00000000efb00000, 0x0000000100000000)
  eden space 62976K, 100% used [0x00000000eab00000,0x00000000ee880000,0x00000000ee880000)
  from space 8704K, 81% used [0x00000000ef180000,0x00000000ef878028,0x00000000efa00000)
  to   space 9216K, 0% used [0x00000000ee880000,0x00000000ee880000,0x00000000ef180000)
 ParOldGen       total 42496K, used 12939K [0x00000000c0000000, 0x00000000c2980000, 0x00000000eab00000)
  object space 42496K, 30% used [0x00000000c0000000,0x00000000c0ca2da8,0x00000000c2980000)
 Metaspace       used 6048K, capacity 7000K, committed 7168K, reserved 1056768K
  class space    used 609K, capacity 656K, committed 768K, reserved 1048576K
Event: 4.810 GC heap after
Heap after GC invocations=7 (full 0):
 PSYoungGen      total 72192K, used 9191K [0x00000000eab00000, 0x00000000f4500000, 0x0000000100000000)
  eden space 62976K, 0% used [0x00000000eab00000,0x00000000eab00000,0x00000000ee880000)
  from space 9216K, 99% used [0x00000000ee880000,0x00000000ef179e10,0x00000000ef180000)
  to   space 15872K, 0% used [0x00000000f3580000,0x00000000f3580000,0x00000000f4500000)
 ParOldGen       total 42496K, used 23792K [0x00000000c0000000, 0x00000000c2980000, 0x00000000eab00000)
  object space 42496K, 55% used [0x00000000c0000000,0x00000000c173c3d8,0x00000000c2980000)
 Metaspace       used 6048K, capacity 7000K, committed 7168K, reserved 1056768K
  class space    used 609K, capacity 656K, committed 768K, reserved 1048576K
}
Event: 5.772 GC heap before
{Heap before GC invocations=8 (full 0):
 PSYoungGen      total 72192K, used 72167K [0x00000000eab00000, 0x00000000f4500000, 0x0000000100000000)
  eden space 62976K, 100% used [0x00000000eab00000,0x00000000ee880000,0x00000000ee880000)
  from space 9216K, 99% used [0x00000000ee880000,0x00000000ef179e10,0x00000000ef180000)
  to   space 15872K, 0% used [0x00000000f3580000,0x00000000f3580000,0x00000000f4500000)
 ParOldGen       total 42496K, used 23792K [0x00000000c0000000, 0x00000000c2980000, 0x00000000eab00000)
  object space 42496K, 55% used [0x00000000c0000000,0x00000000c173c3d8,0x00000000c2980000)
 Metaspace       used 6102K, capacity 7000K, committed 7168K, reserved 1056768K
  class space    used 610K, capacity 656K, committed 768K, reserved 1048576K
Event: 6.078 GC heap after
Heap after GC invocations=8 (full 0):
 PSYoungGen      total 137728K, used 15840K [0x00000000eab00000, 0x00000000f4d00000, 0x0000000100000000)
  eden space 121856K, 0% used [0x00000000eab00000,0x00000000eab00000,0x00000000f2200000)
  from space 15872K, 99% used [0x00000000f3580000,0x00000000f44f8010,0x00000000f4500000)
  to   space 19968K, 0% used [0x00000000f2200000,0x00000000f2200000,0x00000000f3580000)
 ParOldGen       total 42496K, used 27268K [0x00000000c0000000, 0x00000000c2980000, 0x00000000eab00000)
  object space 42496K, 64% used [0x00000000c0000000,0x00000000c1aa1368,0x00000000c2980000)
 Metaspace       used 6102K, capacity 7000K, committed 7168K, reserved 1056768K
  class space    used 610K, capacity 656K, committed 768K, reserved 1048576K
}
Event: 7.365 GC heap before
{Heap before GC invocations=9 (full 0):
 PSYoungGen      total 137728K, used 137696K [0x00000000eab00000, 0x00000000f4d00000, 0x0000000100000000)
  eden space 121856K, 100% used [0x00000000eab00000,0x00000000f2200000,0x00000000f2200000)
  from space 15872K, 99% used [0x00000000f3580000,0x00000000f44f8010,0x00000000f4500000)
  to   space 19968K, 0% used [0x00000000f2200000,0x00000000f2200000,0x00000000f3580000)
 ParOldGen       total 42496K, used 27268K [0x00000000c0000000, 0x00000000c2980000, 0x00000000eab00000)
  object space 42496K, 64% used [0x00000000c0000000,0x00000000c1aa1368,0x00000000c2980000)
 Metaspace       used 6251K, capacity 7128K, committed 7424K, reserved 1056768K
  class space    used 610K, capacity 656K, committed 768K, reserved 1048576K

Deoptimization events (7 events):
Event: 1.045 Thread 0x00007f37dc00a000 Uncommon trap: reason=unstable_if action=reinterpret pc=0x00007f37cd16bf90 method=java.lang.String.indexOf(II)I @ 49
Event: 1.566 Thread 0x00007f37dc134000 Uncommon trap: reason=unstable_if action=reinterpret pc=0x00007f37cd20e66c method=java.util.BitSet.nextSetBit(I)I @ 87
Event: 2.302 Thread 0x00007f37dc00a000 Uncommon trap: reason=null_check action=make_not_entrant pc=0x00007f37cd283410 method=com.android.dx.rop.type.Type.equals(Ljava/lang/Object;)Z @ 8
Event: 2.688 Thread 0x00007f37dc12e000 Uncommon trap: reason=bimorphic action=maybe_recompile pc=0x00007f37cd215168 method=java.util.HashMap.getNode(ILjava/lang/Object;)Ljava/util/HashMap$Node; @ 126
Event: 2.691 Thread 0x00007f37dc132800 Uncommon trap: reason=unstable_if action=reinterpret pc=0x00007f37cd21514c method=java.util.HashMap.getNode(ILjava/lang/Object;)Ljava/util/HashMap$Node; @ 84
Event: 2.691 Thread 0x00007f37dc132800 Uncommon trap: reason=unstable_if action=reinterpret pc=0x00007f37cd1fecdc method=java.util.HashMap.getNode(ILjava/lang/Object;)Ljava/util/HashMap$Node; @ 84
Event: 4.229 Thread 0x00007f37dc00a000 Uncommon trap: reason=unstable_if action=reinterpret pc=0x00007f37cd2c4cec method=java.util.HashMap.putVal(ILjava/lang/Object;Ljava/lang/Object;ZZ)Ljava/lang/Object; @ 162

Internal exceptions (6 events):
Event: 0.119 Thread 0x00007f37dc00a000 Exception <a 'java/lang/NoSuchMethodError': Method sun.misc.Unsafe.defineClass(Ljava/lang/String;[BII)Ljava/lang/Class; name or signature does not match> (0x00000000eab07cc0) thrown at [/HUDSON3/workspace/8-2-build-linux-amd64/jdk8u101/7261/hotspot/src/sh
Event: 0.119 Thread 0x00007f37dc00a000 Exception <a 'java/lang/NoSuchMethodError': Method sun.misc.Unsafe.prefetchRead(Ljava/lang/Object;J)V name or signature does not match> (0x00000000eab07fa8) thrown at [/HUDSON3/workspace/8-2-build-linux-amd64/jdk8u101/7261/hotspot/src/share/vm/prims/jni.c
Event: 2.301 Thread 0x00007f37dc00a000 Implicit null exception at 0x00007f37cd283362 to 0x00007f37cd283402
Event: 4.231 Thread 0x00007f37dc00a000 Exception <a 'java/lang/ArrayIndexOutOfBoundsException': 18> (0x00000000ed2081d0) thrown at [/HUDSON3/workspace/8-2-build-linux-amd64/jdk8u101/7261/hotspot/src/share/vm/interpreter/interpreterRuntime.cpp, line 366]
Event: 4.231 Thread 0x00007f37dc00a000 Exception <a 'java/lang/ArrayIndexOutOfBoundsException': 145> (0x00000000ed209d50) thrown at [/HUDSON3/workspace/8-2-build-linux-amd64/jdk8u101/7261/hotspot/src/share/vm/interpreter/interpreterRuntime.cpp, line 366]
Event: 4.231 Thread 0x00007f37dc00a000 Exception <a 'java/lang/ArrayIndexOutOfBoundsException': 40> (0x00000000ed20b038) thrown at [/HUDSON3/workspace/8-2-build-linux-amd64/jdk8u101/7261/hotspot/src/share/vm/interpreter/interpreterRuntime.cpp, line 366]

Events (10 events):
Event: 7.271 Thread 0x00007f37dc134000 DEOPT UNPACKING pc=0x00007f37cd046f73 sp=0x00007f37c952dd38 mode 0
Event: 7.293 Thread 0x00007f37dc131000 DEOPT PACKING pc=0x00007f37cd2afefd sp=0x00007f37c972fc40
Event: 7.293 Thread 0x00007f37dc131000 DEOPT UNPACKING pc=0x00007f37cd046f73 sp=0x00007f37c972f9f8 mode 0
Event: 7.310 Thread 0x00007f37dc12e000 DEOPT PACKING pc=0x00007f37cd214939 sp=0x00007f37c9931e30
Event: 7.310 Thread 0x00007f37dc12e000 DEOPT UNPACKING pc=0x00007f37cd046f73 sp=0x00007f37c9931b80 mode 0
Event: 7.319 Thread 0x00007f37dc134000 DEOPT PACKING pc=0x00007f37cd2afefd sp=0x00007f37c952dd40
Event: 7.319 Thread 0x00007f37dc134000 DEOPT UNPACKING pc=0x00007f37cd046f73 sp=0x00007f37c952daf8 mode 0
Event: 7.352 Thread 0x00007f37dc131000 DEOPT PACKING pc=0x00007f37cd214939 sp=0x00007f37c972ff00
Event: 7.352 Thread 0x00007f37dc131000 DEOPT UNPACKING pc=0x00007f37cd046f73 sp=0x00007f37c972fc50 mode 0
Event: 7.355 Executing VM operation: ParallelGCFailedAllocation


Dynamic libraries:
00400000-00401000 r-xp 00000000 08:01 20452133                           /usr/lib/jvm/java-8-oracle/bin/java
00600000-00601000 rw-p 00000000 08:01 20452133                           /usr/lib/jvm/java-8-oracle/bin/java
01a17000-01a38000 rw-p 00000000 00:00 0                                  [heap]
c0000000-c2980000 rw-p 00000000 00:00 0 
c2980000-eab00000 ---p 00000000 00:00 0 
eab00000-f4d00000 rw-p 00000000 00:00 0 
fa280000-100000000 ---p 00000000 00:00 0 
100000000-1000c0000 rw-p 00000000 00:00 0 
1000c0000-140000000 ---p 00000000 00:00 0 
7f378c000000-7f378c026000 rw-p 00000000 00:00 0 
7f378c026000-7f3790000000 ---p 00000000 00:00 0 
7f3794000000-7f3794021000 rw-p 00000000 00:00 0 
7f3794021000-7f3798000000 ---p 00000000 00:00 0 
7f3798000000-7f379802a000 rw-p 00000000 00:00 0 
7f379802a000-7f379c000000 ---p 00000000 00:00 0 
7f379c000000-7f379c021000 rw-p 00000000 00:00 0 
7f379c021000-7f37a0000000 ---p 00000000 00:00 0 
7f37a0000000-7f37a0021000 rw-p 00000000 00:00 0 
7f37a0021000-7f37a4000000 ---p 00000000 00:00 0 
7f37a4000000-7f37a45fc000 rw-p 00000000 00:00 0 
7f37a45fc000-7f37a8000000 ---p 00000000 00:00 0 
7f37a8000000-7f37a8021000 rw-p 00000000 00:00 0 
7f37a8021000-7f37ac000000 ---p 00000000 00:00 0 
7f37ac000000-7f37ac021000 rw-p 00000000 00:00 0 
7f37ac021000-7f37b0000000 ---p 00000000 00:00 0 
7f37b0000000-7f37b05e4000 rw-p 00000000 00:00 0 
7f37b05e4000-7f37b4000000 ---p 00000000 00:00 0 
7f37b4000000-7f37b4021000 rw-p 00000000 00:00 0 
7f37b4021000-7f37b8000000 ---p 00000000 00:00 0 
7f37b8000000-7f37b8021000 rw-p 00000000 00:00 0 
7f37b8021000-7f37bc000000 ---p 00000000 00:00 0 
7f37bc000000-7f37bc021000 rw-p 00000000 00:00 0 
7f37bc021000-7f37c0000000 ---p 00000000 00:00 0 
7f37c0000000-7f37c028e000 rw-p 00000000 00:00 0 
7f37c028e000-7f37c4000000 ---p 00000000 00:00 0 
7f37c4000000-7f37c4021000 rw-p 00000000 00:00 0 
7f37c4021000-7f37c8000000 ---p 00000000 00:00 0 
7f37c942f000-7f37c9432000 ---p 00000000 00:00 0 
7f37c9432000-7f37c9530000 rw-p 00000000 00:00 0 
7f37c9530000-7f37c9533000 ---p 00000000 00:00 0 
7f37c9533000-7f37c9631000 rw-p 00000000 00:00 0 
7f37c9631000-7f37c9634000 ---p 00000000 00:00 0 
7f37c9634000-7f37c9732000 rw-p 00000000 00:00 0 
7f37c9732000-7f37c9735000 ---p 00000000 00:00 0 
7f37c9735000-7f37c9833000 rw-p 00000000 00:00 0 
7f37c9833000-7f37c9836000 ---p 00000000 00:00 0 
7f37c9836000-7f37c9934000 rw-p 00000000 00:00 0 
7f37c9934000-7f37c9935000 ---p 00000000 00:00 0 
7f37c9935000-7f37c9a35000 rw-p 00000000 00:00 0 
7f37c9a35000-7f37c9a38000 ---p 00000000 00:00 0 
7f37c9a38000-7f37c9b36000 rw-p 00000000 00:00 0 
7f37c9b36000-7f37c9b39000 ---p 00000000 00:00 0 
7f37c9b39000-7f37c9c37000 rw-p 00000000 00:00 0 
7f37c9c37000-7f37c9c3a000 ---p 00000000 00:00 0 
7f37c9c3a000-7f37c9d38000 rw-p 00000000 00:00 0 
7f37c9d38000-7f37c9d3b000 ---p 00000000 00:00 0 
7f37c9d3b000-7f37c9e39000 rw-p 00000000 00:00 0 
7f37c9e39000-7f37ca7f8000 r--p 00000000 08:01 20192074                   /usr/lib/locale/locale-archive
7f37ca7f8000-7f37ca7fb000 ---p 00000000 00:00 0 
7f37ca7fb000-7f37ca8f9000 rw-p 00000000 00:00 0 
7f37ca8f9000-7f37ca8fc000 ---p 00000000 00:00 0 
7f37ca8fc000-7f37ca9fa000 rw-p 00000000 00:00 0 
7f37ca9fa000-7f37ca9fb000 ---p 00000000 00:00 0 
7f37ca9fb000-7f37cd000000 rw-p 00000000 00:00 0 
7f37cd000000-7f37cd670000 rwxp 00000000 00:00 0 
7f37cd670000-7f37dc000000 ---p 00000000 00:00 0 
7f37dc000000-7f37dc38b000 rw-p 00000000 00:00 0 
7f37dc38b000-7f37e0000000 ---p 00000000 00:00 0 
7f37e00c1000-7f37e00cf000 r--s 0007c000 08:01 3409424                    /home/jeet/AndroidStudioProjects/AbhiLocation/app/build/intermediates/exploded-aar/com.google.android.gms/play-services-basement/9.4.0/jars/classes.jar
7f37e00cf000-7f37e0543000 rw-p 00000000 00:00 0 
7f37e0543000-7f37e071c000 r--s 03d29000 08:01 20452238                   /usr/lib/jvm/java-8-oracle/jre/lib/rt.jar
7f37e071c000-7f37e0e12000 rw-p 00000000 00:00 0 
7f37e0e12000-7f37e0f92000 ---p 00000000 00:00 0 
7f37e0f92000-7f37e1192000 rw-p 00000000 00:00 0 
7f37e1192000-7f37e1193000 ---p 00000000 00:00 0 
7f37e1193000-7f37e1293000 rw-p 00000000 00:00 0 
7f37e1293000-7f37e1294000 ---p 00000000 00:00 0 
7f37e1294000-7f37e13a9000 rw-p 00000000 00:00 0 
7f37e13a9000-7f37e14ea000 ---p 00000000 00:00 0 
7f37e14ea000-7f37e14ff000 rw-p 00000000 00:00 0 
7f37e14ff000-7f37e163f000 ---p 00000000 00:00 0 
7f37e163f000-7f37e1691000 rw-p 00000000 00:00 0 
7f37e1691000-7f37e16ea000 ---p 00000000 00:00 0 
7f37e16ea000-7f37e1705000 rw-p 00000000 00:00 0 
7f37e1705000-7f37e1aab000 ---p 00000000 00:00 0 
7f37e1aab000-7f37e1ac5000 r-xp 00000000 08:01 20452267                   /usr/lib/jvm/java-8-oracle/jre/lib/amd64/libzip.so
7f37e1ac5000-7f37e1cc5000 ---p 0001a000 08:01 20452267                   /usr/lib/jvm/java-8-oracle/jre/lib/amd64/libzip.so
7f37e1cc5000-7f37e1cc6000 rw-p 0001a000 08:01 20452267                   /usr/lib/jvm/java-8-oracle/jre/lib/amd64/libzip.so
7f37e1cc6000-7f37e1cd1000 r-xp 00000000 08:01 10490333                   /lib/x86_64-linux-gnu/libnss_files-2.23.so
7f37e1cd1000-7f37e1ed0000 ---p 0000b000 08:01 10490333                   /lib/x86_64-linux-gnu/libnss_files-2.23.so
7f37e1ed0000-7f37e1ed1000 r--p 0000a000 08:01 10490333                   /lib/x86_64-linux-gnu/libnss_files-2.23.so
7f37e1ed1000-7f37e1ed2000 rw-p 0000b000 08:01 10490333                   /lib/x86_64-linux-gnu/libnss_files-2.23.so
7f37e1ed2000-7f37e1ed8000 rw-p 00000000 00:00 0 
7f37e1ed8000-7f37e1ee3000 r-xp 00000000 08:01 10490343                   /lib/x86_64-linux-gnu/libnss_nis-2.23.so
7f37e1ee3000-7f37e20e2000 ---p 0000b000 08:01 10490343                   /lib/x86_64-linux-gnu/libnss_nis-2.23.so
7f37e20e2000-7f37e20e3000 r--p 0000a000 08:01 10490343                   /lib/x86_64-linux-gnu/libnss_nis-2.23.so
7f37e20e3000-7f37e20e4000 rw-p 0000b000 08:01 10490343                   /lib/x86_64-linux-gnu/libnss_nis-2.23.so
7f37e20e4000-7f37e20fa000 r-xp 00000000 08:01 10490327                   /lib/x86_64-linux-gnu/libnsl-2.23.so
7f37e20fa000-7f37e22f9000 ---p 00016000 08:01 10490327                   /lib/x86_64-linux-gnu/libnsl-2.23.so
7f37e22f9000-7f37e22fa000 r--p 00015000 08:01 10490327                   /lib/x86_64-linux-gnu/libnsl-2.23.so
7f37e22fa000-7f37e22fb000 rw-p 00016000 08:01 10490327                   /lib/x86_64-linux-gnu/libnsl-2.23.so
7f37e22fb000-7f37e22fd000 rw-p 00000000 00:00 0 
7f37e22fd000-7f37e2305000 r-xp 00000000 08:01 10490329                   /lib/x86_64-linux-gnu/libnss_compat-2.23.so
7f37e2305000-7f37e2504000 ---p 00008000 08:01 10490329                   /lib/x86_64-linux-gnu/libnss_compat-2.23.so
7f37e2504000-7f37e2505000 r--p 00007000 08:01 10490329                   /lib/x86_64-linux-gnu/libnss_compat-2.23.so
7f37e2505000-7f37e2506000 rw-p 00008000 08:01 10490329                   /lib/x86_64-linux-gnu/libnss_compat-2.23.so
7f37e2506000-7f37e2530000 r-xp 00000000 08:01 20452293                   /usr/lib/jvm/java-8-oracle/jre/lib/amd64/libjava.so
7f37e2530000-7f37e2730000 ---p 0002a000 08:01 20452293                   /usr/lib/jvm/java-8-oracle/jre/lib/amd64/libjava.so
7f37e2730000-7f37e2732000 rw-p 0002a000 08:01 20452293                   /usr/lib/jvm/java-8-oracle/jre/lib/amd64/libjava.so
7f37e2732000-7f37e273f000 r-xp 00000000 08:01 20452247                   /usr/lib/jvm/java-8-oracle/jre/lib/amd64/libverify.so
7f37e273f000-7f37e293f000 ---p 0000d000 08:01 20452247                   /usr/lib/jvm/java-8-oracle/jre/lib/amd64/libverify.so
7f37e293f000-7f37e2941000 rw-p 0000d000 08:01 20452247                   /usr/lib/jvm/java-8-oracle/jre/lib/amd64/libverify.so
7f37e2941000-7f37e2948000 r-xp 00000000 08:01 10490388                   /lib/x86_64-linux-gnu/librt-2.23.so
7f37e2948000-7f37e2b47000 ---p 00007000 08:01 10490388                   /lib/x86_64-linux-gnu/librt-2.23.so
7f37e2b47000-7f37e2b48000 r--p 00006000 08:01 10490388                   /lib/x86_64-linux-gnu/librt-2.23.so
7f37e2b48000-7f37e2b49000 rw-p 00007000 08:01 10490388                   /lib/x86_64-linux-gnu/librt-2.23.so
7f37e2b49000-7f37e2c51000 r-xp 00000000 08:01 10490304                   /lib/x86_64-linux-gnu/libm-2.23.so
7f37e2c51000-7f37e2e50000 ---p 00108000 08:01 10490304                   /lib/x86_64-linux-gnu/libm-2.23.so
7f37e2e50000-7f37e2e51000 r--p 00107000 08:01 10490304                   /lib/x86_64-linux-gnu/libm-2.23.so
7f37e2e51000-7f37e2e52000 rw-p 00108000 08:01 10490304                   /lib/x86_64-linux-gnu/libm-2.23.so
7f37e2e52000-7f37e3b1d000 r-xp 00000000 08:01 20452297                   /usr/lib/jvm/java-8-oracle/jre/lib/amd64/server/libjvm.so
7f37e3b1d000-7f37e3d1c000 ---p 00ccb000 08:01 20452297                   /usr/lib/jvm/java-8-oracle/jre/lib/amd64/server/libjvm.so
7f37e3d1c000-7f37e3df5000 rw-p 00cca000 08:01 20452297                   /usr/lib/jvm/java-8-oracle/jre/lib/amd64/server/libjvm.so
7f37e3df5000-7f37e3e40000 rw-p 00000000 00:00 0 
7f37e3e40000-7f37e4000000 r-xp 00000000 08:01 10490234                   /lib/x86_64-linux-gnu/libc-2.23.so
7f37e4000000-7f37e41ff000 ---p 001c0000 08:01 10490234                   /lib/x86_64-linux-gnu/libc-2.23.so
7f37e41ff000-7f37e4203000 r--p 001bf000 08:01 10490234                   /lib/x86_64-linux-gnu/libc-2.23.so
7f37e4203000-7f37e4205000 rw-p 001c3000 08:01 10490234                   /lib/x86_64-linux-gnu/libc-2.23.so
7f37e4205000-7f37e4209000 rw-p 00000000 00:00 0 
7f37e4209000-7f37e420c000 r-xp 00000000 08:01 10490258                   /lib/x86_64-linux-gnu/libdl-2.23.so
7f37e420c000-7f37e440b000 ---p 00003000 08:01 10490258                   /lib/x86_64-linux-gnu/libdl-2.23.so
7f37e440b000-7f37e440c000 r--p 00002000 08:01 10490258                   /lib/x86_64-linux-gnu/libdl-2.23.so
7f37e440c000-7f37e440d000 rw-p 00003000 08:01 10490258                   /lib/x86_64-linux-gnu/libdl-2.23.so
7f37e440d000-7f37e4422000 r-xp 00000000 08:01 20322628                   /usr/lib/jvm/java-8-oracle/lib/amd64/jli/libjli.so
7f37e4422000-7f37e4622000 ---p 00015000 08:01 20322628                   /usr/lib/jvm/java-8-oracle/lib/amd64/jli/libjli.so
7f37e4622000-7f37e4623000 rw-p 00015000 08:01 20322628                   /usr/lib/jvm/java-8-oracle/lib/amd64/jli/libjli.so
7f37e4623000-7f37e463b000 r-xp 00000000 08:01 10490380                   /lib/x86_64-linux-gnu/libpthread-2.23.so
7f37e463b000-7f37e483a000 ---p 00018000 08:01 10490380                   /lib/x86_64-linux-gnu/libpthread-2.23.so
7f37e483a000-7f37e483b000 r--p 00017000 08:01 10490380                   /lib/x86_64-linux-gnu/libpthread-2.23.so
7f37e483b000-7f37e483c000 rw-p 00018000 08:01 10490380                   /lib/x86_64-linux-gnu/libpthread-2.23.so
7f37e483c000-7f37e4840000 rw-p 00000000 00:00 0 
7f37e4840000-7f37e4866000 r-xp 00000000 08:01 10490206                   /lib/x86_64-linux-gnu/ld-2.23.so
7f37e486d000-7f37e4946000 rw-p 00000000 00:00 0 
7f37e4946000-7f37e4949000 ---p 00000000 00:00 0 
7f37e4949000-7f37e4a4b000 rw-p 00000000 00:00 0 
7f37e4a4b000-7f37e4a59000 r--s 000e0000 08:01 18618384                   /home/jeet/Android/Sdk/build-tools/24.0.2/lib/dx.jar
7f37e4a59000-7f37e4a61000 rw-s 00000000 08:01 6554270                    /tmp/hsperfdata_jeet/12559
7f37e4a61000-7f37e4a62000 rw-p 00000000 00:00 0 
7f37e4a62000-7f37e4a63000 ---p 00000000 00:00 0 
7f37e4a63000-7f37e4a65000 rw-p 00000000 00:00 0 
7f37e4a65000-7f37e4a66000 r--p 00025000 08:01 10490206                   /lib/x86_64-linux-gnu/ld-2.23.so
7f37e4a66000-7f37e4a67000 rw-p 00026000 08:01 10490206                   /lib/x86_64-linux-gnu/ld-2.23.so
7f37e4a67000-7f37e4a68000 rw-p 00000000 00:00 0 
7fff596c8000-7fff596e9000 rw-p 00000000 00:00 0                          [stack]
7fff597cf000-7fff597d1000 r--p 00000000 00:00 0                          [vvar]
7fff597d1000-7fff597d3000 r-xp 00000000 00:00 0                          [vdso]
ffffffffff600000-ffffffffff601000 r-xp 00000000 00:00 0                  [vsyscall]

VM Arguments:
jvm_args: -Djava.awt.headless=true -Xmx1024M -Dfile.encoding=UTF-8 -Duser.country=IN -Duser.language=en -Duser.variant 
java_command: com.android.dx.command.Main --dex --force-jumbo --num-threads=4 --multi-dex --output /home/jeet/AndroidStudioProjects/AbhiLocation/app/build/intermediates/transforms/dex/debug/folders/1000/10/com.google.android.gms-play-services-basement-9.4.0_c6eb34ab4d350e3de15d5bc278f706e8638fbeee /home/jeet/AndroidStudioProjects/AbhiLocation/app/build/intermediates/exploded-aar/com.google.android.gms/play-services-basement/9.4.0/jars/classes.jar
java_class_path (initial): /home/jeet/Android/Sdk/build-tools/24.0.2/lib/dx.jar
Launcher Type: SUN_STANDARD

Environment Variables:
PATH=/home/jeet/bin:/home/jeet/.local/bin:/usr/local/sbin:/usr/local/bin:/usr/sbin:/usr/bin:/sbin:/bin:/usr/games:/usr/local/games:/snap/bin
SHELL=/bin/bash
DISPLAY=:0

Signal Handlers:
SIGSEGV: [libjvm.so+0xac4790], sa_mask[0]=11111111011111111101111111111110, sa_flags=SA_RESTART|SA_SIGINFO
SIGBUS: [libjvm.so+0xac4790], sa_mask[0]=11111111011111111101111111111110, sa_flags=SA_RESTART|SA_SIGINFO
SIGFPE: [libjvm.so+0x91f140], sa_mask[0]=11111111011111111101111111111110, sa_flags=SA_RESTART|SA_SIGINFO
SIGPIPE: [libjvm.so+0x91f140], sa_mask[0]=11111111011111111101111111111110, sa_flags=SA_RESTART|SA_SIGINFO
SIGXFSZ: [libjvm.so+0x91f140], sa_mask[0]=11111111011111111101111111111110, sa_flags=SA_RESTART|SA_SIGINFO
SIGILL: [libjvm.so+0x91f140], sa_mask[0]=11111111011111111101111111111110, sa_flags=SA_RESTART|SA_SIGINFO
SIGUSR1: SIG_DFL, sa_mask[0]=00000000000000000000000000000000, sa_flags=none
SIGUSR2: [libjvm.so+0x920770], sa_mask[0]=00100000000000000000000000000000, sa_flags=SA_RESTART|SA_SIGINFO
SIGHUP: [libjvm.so+0x921b70], sa_mask[0]=11111111011111111101111111111110, sa_flags=SA_RESTART|SA_SIGINFO
SIGINT: [libjvm.so+0x921b70], sa_mask[0]=11111111011111111101111111111110, sa_flags=SA_RESTART|SA_SIGINFO
SIGTERM: [libjvm.so+0x921b70], sa_mask[0]=11111111011111111101111111111110, sa_flags=SA_RESTART|SA_SIGINFO
SIGQUIT: [libjvm.so+0x921b70], sa_mask[0]=11111111011111111101111111111110, sa_flags=SA_RESTART|SA_SIGINFO


---------------  S Y S T E M  ---------------

OS:DISTRIB_ID=Ubuntu
DISTRIB_RELEASE=16.04
DISTRIB_CODENAME=xenial
DISTRIB_DESCRIPTION="Ubuntu 16.04.1 LTS"

uname:Linux 4.4.0-45-generic #66-Ubuntu SMP Wed Oct 19 14:12:37 UTC 2016 x86_64
libc:glibc 2.23 NPTL 2.23 
rlimit: STACK 8192k, CORE 0k, NPROC 15513, NOFILE 65536, AS infinity
load average:5.63 2.43 2.37

/proc/meminfo:
MemTotal:        4010484 kB
MemFree:          124696 kB
MemAvailable:      36588 kB
Buffers:            4212 kB
Cached:           255408 kB
SwapCached:            0 kB
Active:          3519580 kB
Inactive:         236744 kB
Active(anon):    3503336 kB
Inactive(anon):   221072 kB
Active(file):      16244 kB
Inactive(file):    15672 kB
Unevictable:          32 kB
Mlocked:              32 kB
SwapTotal:             0 kB
SwapFree:              0 kB
Dirty:              2388 kB
Writeback:             0 kB
AnonPages:       3496908 kB
Mapped:            72976 kB
Shmem:            227528 kB
Slab:              61096 kB
SReclaimable:      31096 kB
SUnreclaim:        30000 kB
KernelStack:        8608 kB
PageTables:        35180 kB
NFS_Unstable:          0 kB
Bounce:                0 kB
WritebackTmp:          0 kB
CommitLimit:     2005240 kB
Committed_AS:    6784604 kB
VmallocTotal:   34359738367 kB
VmallocUsed:           0 kB
VmallocChunk:          0 kB
HardwareCorrupted:     0 kB
AnonHugePages:   2226176 kB
CmaTotal:              0 kB
CmaFree:               0 kB
HugePages_Total:       0
HugePages_Free:        0
HugePages_Rsvd:        0
HugePages_Surp:        0
Hugepagesize:       2048 kB
DirectMap4k:      131968 kB
DirectMap2M:     4026368 kB


CPU:total 2 (2 cores per cpu, 1 threads per core) family 6 model 23 stepping 10, cmov, cx8, fxsr, mmx, sse, sse2, sse3, ssse3, sse4.1, tsc

/proc/cpuinfo:
processor	: 0
vendor_id	: GenuineIntel
cpu family	: 6
model		: 23
model name	: Intel(R) Core(TM)2 Duo CPU     E7500  @ 2.93GHz
stepping	: 10
microcode	: 0xa0b
cpu MHz		: 2933.000
cache size	: 3072 KB
physical id	: 0
siblings	: 2
core id		: 0
cpu cores	: 2
apicid		: 0
initial apicid	: 0
fpu		: yes
fpu_exception	: yes
cpuid level	: 13
wp		: yes
flags		: fpu vme de pse tsc msr pae mce cx8 apic sep mtrr pge mca cmov pat pse36 clflush dts acpi mmx fxsr sse sse2 ss ht tm pbe syscall nx lm constant_tsc arch_perfmon pebs bts rep_good nopl aperfmperf pni dtes64 monitor ds_cpl vmx est tm2 ssse3 cx16 xtpr pdcm sse4_1 xsave lahf_lm tpr_shadow vnmi flexpriority dtherm
bugs		:
bogomips	: 5866.46
clflush size	: 64
cache_alignment	: 64
address sizes	: 36 bits physical, 48 bits virtual
power management:

processor	: 1
vendor_id	: GenuineIntel
cpu family	: 6
model		: 23
model name	: Intel(R) Core(TM)2 Duo CPU     E7500  @ 2.93GHz
stepping	: 10
microcode	: 0xa0b
cpu MHz		: 2933.000
cache size	: 3072 KB
physical id	: 0
siblings	: 2
core id		: 1
cpu cores	: 2
apicid		: 1
initial apicid	: 1
fpu		: yes
fpu_exception	: yes
cpuid level	: 13
wp		: yes
flags		: fpu vme de pse tsc msr pae mce cx8 apic sep mtrr pge mca cmov pat pse36 clflush dts acpi mmx fxsr sse sse2 ss ht tm pbe syscall nx lm constant_tsc arch_perfmon pebs bts rep_good nopl aperfmperf pni dtes64 monitor ds_cpl vmx est tm2 ssse3 cx16 xtpr pdcm sse4_1 xsave lahf_lm tpr_shadow vnmi flexpriority dtherm
bugs		:
bogomips	: 5866.46
clflush size	: 64
cache_alignment	: 64
address sizes	: 36 bits physical, 48 bits virtual
power management:



Memory: 4k page, physical 4010484k(124696k free), swap 0k(0k free)

vm_info: Java HotSpot(TM) 64-Bit Server VM (25.101-b13) for linux-amd64 JRE (1.8.0_101-b13), built on Jun 22 2016 02:59:44 by "java_re" with gcc 4.3.0 20080428 (Red Hat 4.3.0-8)

time: Thu Oct 27 15:47:15 2016
elapsed time: 8 seconds (0d 0h 0m 8s)

