#
# There is insufficient memory for the Java Runtime Environment to continue.
# Native memory allocation (mmap) failed to map 149946368 bytes for committing reserved memory.
# Possible reasons:
#   The system is out of physical RAM or swap space
#   In 32 bit mode, the process size limit was hit
# Possible solutions:
#   Reduce memory load on the system
#   Increase physical memory or swap space
#   Check if swap backing store is full
#   Use 64 bit Java on a 64 bit OS
#   Decrease Java heap size (-Xmx/-Xms)
#   Decrease number of Java threads
#   Decrease Java thread stack sizes (-Xss)
#   Set larger code cache with -XX:ReservedCodeCacheSize=
# This output file may be truncated or incomplete.
#
#  Out of Memory Error (os_linux.cpp:2627), pid=10591, tid=0x00007f74a8cfc700
#
# JRE version: Java(TM) SE Runtime Environment (8.0_101-b13) (build 1.8.0_101-b13)
# Java VM: Java HotSpot(TM) 64-Bit Server VM (25.101-b13 mixed mode linux-amd64 compressed oops)
# Failed to write core dump. Core dumps have been disabled. To enable core dumping, try "ulimit -c unlimited" before starting Java again
#

---------------  T H R E A D  ---------------

Current thread (0x00007f74b8073800):  VMThread [stack: 0x00007f74a8bfc000,0x00007f74a8cfd000] [id=10598]

Stack: [0x00007f74a8bfc000,0x00007f74a8cfd000],  sp=0x00007f74a8cfb120,  free space=1020k
Native frames: (J=compiled Java code, j=interpreted, Vv=VM code, C=native code)
V  [libjvm.so+0xac3f0a]  VMError::report_and_die()+0x2ba
V  [libjvm.so+0x4fbf9b]  report_vm_out_of_memory(char const*, int, unsigned long, VMErrorType, char const*)+0x8b
V  [libjvm.so+0x9222d3]  os::Linux::commit_memory_impl(char*, unsigned long, bool)+0x103
V  [libjvm.so+0x922829]  os::pd_commit_memory(char*, unsigned long, unsigned long, bool)+0x29
V  [libjvm.so+0x91cb2a]  os::commit_memory(char*, unsigned long, unsigned long, bool)+0x2a
V  [libjvm.so+0x991053]  PSVirtualSpace::expand_by(unsigned long)+0x53
V  [libjvm.so+0x981920]  PSOldGen::expand(unsigned long)+0x170
V  [libjvm.so+0x981b2b]  PSOldGen::resize(unsigned long)+0x1cb
V  [libjvm.so+0x989821]  PSParallelCompact::invoke_no_policy(bool)+0x991
V  [libjvm.so+0x98f17d]  PSScavenge::invoke()+0x1ad
V  [libjvm.so+0x945fc0]  ParallelScavengeHeap::failed_mem_allocate(unsigned long)+0x70
V  [libjvm.so+0xac5927]  VM_ParallelGCFailedAllocation::doit()+0x97
V  [libjvm.so+0xacd405]  VM_Operation::evaluate()+0x55
V  [libjvm.so+0xacb7da]  VMThread::evaluate_operation(VM_Operation*)+0xba
V  [libjvm.so+0xacbb5e]  VMThread::loop()+0x1ce
V  [libjvm.so+0xacbfd0]  VMThread::run()+0x70
V  [libjvm.so+0x924698]  java_start(Thread*)+0x108

VM_Operation (0x00007f74997f0a80): ParallelGCFailedAllocation, mode: safepoint, requested by thread 0x00007f74b818b000


---------------  P R O C E S S  ---------------

Java Threads: ( => current thread )
  0x00007f74b818e000 JavaThread "pool-2-thread-4" [_thread_blocked, id=10611, stack(0x00007f74994f0000,0x00007f74995f1000)]
  0x00007f74b818c800 JavaThread "pool-2-thread-3" [_thread_blocked, id=10610, stack(0x00007f74995f1000,0x00007f74996f2000)]
  0x00007f74b818b000 JavaThread "pool-2-thread-2" [_thread_blocked, id=10609, stack(0x00007f74996f2000,0x00007f74997f3000)]
  0x00007f74b818a000 JavaThread "pool-3-thread-1" [_thread_blocked, id=10608, stack(0x00007f74997f3000,0x00007f74998f4000)]
  0x00007f74b8187800 JavaThread "pool-2-thread-1" [_thread_blocked, id=10607, stack(0x00007f74998f4000,0x00007f74999f5000)]
  0x00007f74b80ba000 JavaThread "Service Thread" daemon [_thread_blocked, id=10604, stack(0x00007f7499bfc000,0x00007f7499cfd000)]
  0x00007f74b80b7000 JavaThread "C1 CompilerThread1" daemon [_thread_blocked, id=10603, stack(0x00007f7499cfd000,0x00007f7499dfe000)]
  0x00007f74b80b4000 JavaThread "C2 CompilerThread0" daemon [_thread_in_native, id=10602, stack(0x00007f7499dfe000,0x00007f7499eff000)]
  0x00007f74b80b2800 JavaThread "Signal Dispatcher" daemon [_thread_blocked, id=10601, stack(0x00007f7499eff000,0x00007f749a000000)]
  0x00007f74b8080000 JavaThread "Finalizer" daemon [_thread_blocked, id=10600, stack(0x00007f74a89fa000,0x00007f74a8afb000)]
  0x00007f74b807b800 JavaThread "Reference Handler" daemon [_thread_blocked, id=10599, stack(0x00007f74a8afb000,0x00007f74a8bfc000)]
  0x00007f74b800a000 JavaThread "main" [_thread_blocked, id=10595, stack(0x00007f74c0b15000,0x00007f74c0c16000)]

Other Threads:
=>0x00007f74b8073800 VMThread [stack: 0x00007f74a8bfc000,0x00007f74a8cfd000] [id=10598]
  0x00007f74b80bc800 WatcherThread [stack: 0x00007f7499afb000,0x00007f7499bfc000] [id=10605]

VM state:at safepoint (normal execution)

VM Mutex/Monitor currently owned by a thread:  ([mutex/lock_event])
[0x00007f74b8005eb0] ExpandHeap_lock - owner thread: 0x00007f74b8073800
[0x00007f74b8006530] Threads_lock - owner thread: 0x00007f74b8073800
[0x00007f74b8006a30] Heap_lock - owner thread: 0x00007f74b818b000

Heap:
 PSYoungGen      total 168448K, used 3642K [0x00000000eab00000, 0x00000000ff600000, 0x0000000100000000)
  eden space 116736K, 0% used [0x00000000eab00000,0x00000000eab00000,0x00000000f1d00000)
  from space 51712K, 7% used [0x00000000f1d00000,0x00000000f208ea18,0x00000000f4f80000)
  to   space 111104K, 0% used [0x00000000f8980000,0x00000000f8980000,0x00000000ff600000)
 ParOldGen       total 449024K, used 448590K [0x00000000c0000000, 0x00000000db680000, 0x00000000eab00000)
  object space 449024K, 99% used [0x00000000c0000000,0x00000000db613890,0x00000000db680000)
 Metaspace       used 6603K, capacity 7320K, committed 7680K, reserved 1056768K
  class space    used 616K, capacity 656K, committed 768K, reserved 1048576K

Card table byte_map: [0x00007f74bd6b9000,0x00007f74bd8ba000] byte_map_base: 0x00007f74bd0b9000

Marking Bits: (ParMarkBitMap*) 0x00007f74bffe2120
 Begin Bits: [0x00007f749a000000, 0x00007f749b000000)
 End Bits:   [0x00007f749b000000, 0x00007f749c000000)

Polling page: 0x00007f74c0c31000

CodeCache: size=245760Kb used=10940Kb max_used=10940Kb free=234819Kb
 bounds [0x00007f74a9000000, 0x00007f74a9ac0000, 0x00007f74b8000000]
 total_blobs=2809 nmethods=2542 adapters=182
 compilation: enabled

Compilation events (10 events):
Event: 27.668 Thread 0x00007f74b80b7000 2761 %     3       com.android.dx.dex.file.ValueEncoder::addContents @ 30 (75 bytes)
Event: 27.669 Thread 0x00007f74b80b7000 nmethod 2761% 0x00007f74a9aac010 code [0x00007f74a9aac2c0, 0x00007f74a9aad8f8]
Event: 27.670 Thread 0x00007f74b80b7000 2762       3       com.android.dx.dex.file.ValueEncoder::addContents (75 bytes)
Event: 27.673 Thread 0x00007f74b80b7000 nmethod 2762 0x00007f74a9aae490 code [0x00007f74a9aae760, 0x00007f74a9aafdb8]
Event: 28.270 Thread 0x00007f74b80b7000 2765       3       com.android.dx.dex.file.AnnotationSetItem::<init> (83 bytes)
Event: 28.272 Thread 0x00007f74b80b7000 nmethod 2765 0x00007f74a9ab0a10 code [0x00007f74a9ab0cc0, 0x00007f74a9ab20e8]
Event: 28.440 Thread 0x00007f74b80b7000 2768       3       com.android.dx.ssa.back.FirstFitLocalCombiningAllocator::handlePhiInsns (36 bytes)
Event: 28.441 Thread 0x00007f74b80b7000 nmethod 2768 0x00007f74a9ab2cd0 code [0x00007f74a9ab2ea0, 0x00007f74a9ab3518]
Event: 28.446 Thread 0x00007f74b80b7000 2769 %     3       com.android.dx.ssa.back.FirstFitLocalCombiningAllocator$Multiset::getAndRemoveHighestCount @ 9 (63 bytes)
Event: 28.446 Thread 0x00007f74b80b7000 nmethod 2769% 0x00007f74a9ab3850 code [0x00007f74a9ab39e0, 0x00007f74a9ab3d10]

GC Heap History (10 events):
Event: 26.007 GC heap after
Heap after GC invocations=28 (full 5):
 PSYoungGen      total 174080K, used 51378K [0x00000000eab00000, 0x00000000ff280000, 0x0000000100000000)
  eden space 122368K, 0% used [0x00000000eab00000,0x00000000eab00000,0x00000000f2280000)
  from space 51712K, 99% used [0x00000000f2280000,0x00000000f54acbe0,0x00000000f5500000)
  to   space 106496K, 0% used [0x00000000f8a80000,0x00000000f8a80000,0x00000000ff280000)
 ParOldGen       total 449024K, used 335556K [0x00000000c0000000, 0x00000000db680000, 0x00000000eab00000)
  object space 449024K, 74% used [0x00000000c0000000,0x00000000d47b10d8,0x00000000db680000)
 Metaspace       used 6603K, capacity 7320K, committed 7680K, reserved 1056768K
  class space    used 616K, capacity 656K, committed 768K, reserved 1048576K
}
Event: 26.441 GC heap before
{Heap before GC invocations=29 (full 5):
 PSYoungGen      total 174080K, used 173746K [0x00000000eab00000, 0x00000000ff280000, 0x0000000100000000)
  eden space 122368K, 100% used [0x00000000eab00000,0x00000000f2280000,0x00000000f2280000)
  from space 51712K, 99% used [0x00000000f2280000,0x00000000f54acbe0,0x00000000f5500000)
  to   space 106496K, 0% used [0x00000000f8a80000,0x00000000f8a80000,0x00000000ff280000)
 ParOldGen       total 449024K, used 335556K [0x00000000c0000000, 0x00000000db680000, 0x00000000eab00000)
  object space 449024K, 74% used [0x00000000c0000000,0x00000000d47b10d8,0x00000000db680000)
 Metaspace       used 6603K, capacity 7320K, committed 7680K, reserved 1056768K
  class space    used 616K, capacity 656K, committed 768K, reserved 1048576K
Event: 26.626 GC heap after
Heap after GC invocations=29 (full 5):
 PSYoungGen      total 226304K, used 68624K [0x00000000eab00000, 0x0000000100000000, 0x0000000100000000)
  eden space 119808K, 0% used [0x00000000eab00000,0x00000000eab00000,0x00000000f2000000)
  from space 106496K, 64% used [0x00000000f8a80000,0x00000000fcd84358,0x00000000ff280000)
  to   space 109056K, 0% used [0x00000000f2000000,0x00000000f2000000,0x00000000f8a80000)
 ParOldGen       total 449024K, used 335556K [0x00000000c0000000, 0x00000000db680000, 0x00000000eab00000)
  object space 449024K, 74% used [0x00000000c0000000,0x00000000d47b10d8,0x00000000db680000)
 Metaspace       used 6603K, capacity 7320K, committed 7680K, reserved 1056768K
  class space    used 616K, capacity 656K, committed 768K, reserved 1048576K
}
Event: 27.099 GC heap before
{Heap before GC invocations=30 (full 5):
 PSYoungGen      total 226304K, used 188432K [0x00000000eab00000, 0x0000000100000000, 0x0000000100000000)
  eden space 119808K, 100% used [0x00000000eab00000,0x00000000f2000000,0x00000000f2000000)
  from space 106496K, 64% used [0x00000000f8a80000,0x00000000fcd84358,0x00000000ff280000)
  to   space 109056K, 0% used [0x00000000f2000000,0x00000000f2000000,0x00000000f8a80000)
 ParOldGen       total 449024K, used 335556K [0x00000000c0000000, 0x00000000db680000, 0x00000000eab00000)
  object space 449024K, 74% used [0x00000000c0000000,0x00000000d47b10d8,0x00000000db680000)
 Metaspace       used 6603K, capacity 7320K, committed 7680K, reserved 1056768K
  class space    used 616K, capacity 656K, committed 768K, reserved 1048576K
Event: 27.394 GC heap after
Heap after GC invocations=30 (full 5):
 PSYoungGen      total 228864K, used 86156K [0x00000000eab00000, 0x0000000100000000, 0x0000000100000000)
  eden space 119808K, 0% used [0x00000000eab00000,0x00000000eab00000,0x00000000f2000000)
  from space 109056K, 79% used [0x00000000f2000000,0x00000000f74231d0,0x00000000f8a80000)
  to   space 116224K, 0% used [0x00000000f8e80000,0x00000000f8e80000,0x0000000100000000)
 ParOldGen       total 449024K, used 335564K [0x00000000c0000000, 0x00000000db680000, 0x00000000eab00000)
  object space 449024K, 74% used [0x00000000c0000000,0x00000000d47b30d8,0x00000000db680000)
 Metaspace       used 6603K, capacity 7320K, committed 7680K, reserved 1056768K
  class space    used 616K, capacity 656K, committed 768K, reserved 1048576K
}
Event: 27.896 GC heap before
{Heap before GC invocations=31 (full 5):
 PSYoungGen      total 228864K, used 205964K [0x00000000eab00000, 0x0000000100000000, 0x0000000100000000)
  eden space 119808K, 100% used [0x00000000eab00000,0x00000000f2000000,0x00000000f2000000)
  from space 109056K, 79% used [0x00000000f2000000,0x00000000f74231d0,0x00000000f8a80000)
  to   space 116224K, 0% used [0x00000000f8e80000,0x00000000f8e80000,0x0000000100000000)
 ParOldGen       total 449024K, used 335564K [0x00000000c0000000, 0x00000000db680000, 0x00000000eab00000)
  object space 449024K, 74% used [0x00000000c0000000,0x00000000d47b30d8,0x00000000db680000)
 Metaspace       used 6603K, capacity 7320K, committed 7680K, reserved 1056768K
  class space    used 616K, capacity 656K, committed 768K, reserved 1048576K
Event: 28.203 GC heap after
Heap after GC invocations=31 (full 5):
 PSYoungGen      total 232960K, used 67783K [0x00000000eab00000, 0x0000000100000000, 0x0000000100000000)
  eden space 116736K, 0% used [0x00000000eab00000,0x00000000eab00000,0x00000000f1d00000)
  from space 116224K, 58% used [0x00000000f8e80000,0x00000000fd0b1e10,0x0000000100000000)
  to   space 116224K, 0% used [0x00000000f1d00000,0x00000000f1d00000,0x00000000f8e80000)
 ParOldGen       total 449024K, used 370509K [0x00000000c0000000, 0x00000000db680000, 0x00000000eab00000)
  object space 449024K, 82% used [0x00000000c0000000,0x00000000d69d35a8,0x00000000db680000)
 Metaspace       used 6603K, capacity 7320K, committed 7680K, reserved 1056768K
  class space    used 616K, capacity 656K, committed 768K, reserved 1048576K
}
Event: 28.661 GC heap before
{Heap before GC invocations=32 (full 5):
 PSYoungGen      total 232960K, used 184519K [0x00000000eab00000, 0x0000000100000000, 0x0000000100000000)
  eden space 116736K, 100% used [0x00000000eab00000,0x00000000f1d00000,0x00000000f1d00000)
  from space 116224K, 58% used [0x00000000f8e80000,0x00000000fd0b1e10,0x0000000100000000)
  to   space 116224K, 0% used [0x00000000f1d00000,0x00000000f1d00000,0x00000000f8e80000)
 ParOldGen       total 449024K, used 370509K [0x00000000c0000000, 0x00000000db680000, 0x00000000eab00000)
  object space 449024K, 82% used [0x00000000c0000000,0x00000000d69d35a8,0x00000000db680000)
 Metaspace       used 6603K, capacity 7320K, committed 7680K, reserved 1056768K
  class space    used 616K, capacity 656K, committed 768K, reserved 1048576K
Event: 29.057 GC heap after
Heap after GC invocations=32 (full 5):
 PSYoungGen      total 168448K, used 51315K [0x00000000eab00000, 0x00000000ff600000, 0x0000000100000000)
  eden space 116736K, 0% used [0x00000000eab00000,0x00000000eab00000,0x00000000f1d00000)
  from space 51712K, 99% used [0x00000000f1d00000,0x00000000f4f1cde0,0x00000000f4f80000)
  to   space 111104K, 0% used [0x00000000f8980000,0x00000000f8980000,0x00000000ff600000)
 ParOldGen       total 449024K, used 403045K [0x00000000c0000000, 0x00000000db680000, 0x00000000eab00000)
  object space 449024K, 89% used [0x00000000c0000000,0x00000000d8999628,0x00000000db680000)
 Metaspace       used 6603K, capacity 7320K, committed 7680K, reserved 1056768K
  class space    used 616K, capacity 656K, committed 768K, reserved 1048576K
}
Event: 29.057 GC heap before
{Heap before GC invocations=33 (full 6):
 PSYoungGen      total 168448K, used 51315K [0x00000000eab00000, 0x00000000ff600000, 0x0000000100000000)
  eden space 116736K, 0% used [0x00000000eab00000,0x00000000eab00000,0x00000000f1d00000)
  from space 51712K, 99% used [0x00000000f1d00000,0x00000000f4f1cde0,0x00000000f4f80000)
  to   space 111104K, 0% used [0x00000000f8980000,0x00000000f8980000,0x00000000ff600000)
 ParOldGen       total 449024K, used 403045K [0x00000000c0000000, 0x00000000db680000, 0x00000000eab00000)
  object space 449024K, 89% used [0x00000000c0000000,0x00000000d8999628,0x00000000db680000)
 Metaspace       used 6603K, capacity 7320K, committed 7680K, reserved 1056768K
  class space    used 616K, capacity 656K, committed 768K, reserved 1048576K

Deoptimization events (10 events):
Event: 7.790 Thread 0x00007f74b800a000 Uncommon trap: reason=unstable_if action=reinterpret pc=0x00007f74a9509638 method=com.android.dx.rop.code.RegisterSpecSet.<init>(I)V @ 2
Event: 10.381 Thread 0x00007f74b8187800 Uncommon trap: reason=unstable_if action=reinterpret pc=0x00007f74a98f4a84 method=com.android.dx.rop.code.LocalVariableInfo.mergeStarts(ILcom/android/dx/rop/code/RegisterSpecSet;)Z @ 31
Event: 11.253 Thread 0x00007f74b800a000 Uncommon trap: reason=unstable_if action=reinterpret pc=0x00007f74a914fcf8 method=java.util.zip.ZipEntry.setExtra0([BZ)V @ 1
Event: 14.059 Thread 0x00007f74b818e000 Uncommon trap: reason=unstable_if action=reinterpret pc=0x00007f74a99ba318 method=com.android.dx.ssa.SCCP.simulateStmt(Lcom/android/dx/ssa/SsaInsn;)V @ 435
Event: 14.558 Thread 0x00007f74b8187800 Uncommon trap: reason=unstable_if action=reinterpret pc=0x00007f74a989cbec method=com.android.dx.ssa.SsaMethod.getExitBlock()Lcom/android/dx/ssa/SsaBasicBlock; @ 4
Event: 15.060 Thread 0x00007f74b818c800 Uncommon trap: reason=unstable_if action=reinterpret pc=0x00007f74a999d38c method=com.android.dx.rop.cst.CstNat.equals(Ljava/lang/Object;)Z @ 25
Event: 25.536 Thread 0x00007f74b8187800 Uncommon trap: reason=bimorphic action=maybe_recompile pc=0x00007f74a99d1c40 method=com.android.dx.cf.code.BytecodeArray.parseInstruction(ILcom/android/dx/cf/code/BytecodeArray$Visitor;)I @ 891
Event: 25.536 Thread 0x00007f74b8187800 Uncommon trap: reason=bimorphic action=maybe_recompile pc=0x00007f74a99d1c40 method=com.android.dx.cf.code.BytecodeArray.parseInstruction(ILcom/android/dx/cf/code/BytecodeArray$Visitor;)I @ 891
Event: 25.536 Thread 0x00007f74b8187800 Uncommon trap: reason=bimorphic action=maybe_recompile pc=0x00007f74a99d1c40 method=com.android.dx.cf.code.BytecodeArray.parseInstruction(ILcom/android/dx/cf/code/BytecodeArray$Visitor;)I @ 891
Event: 25.536 Thread 0x00007f74b8187800 Uncommon trap: reason=bimorphic action=maybe_recompile pc=0x00007f74a99d1c40 method=com.android.dx.cf.code.BytecodeArray.parseInstruction(ILcom/android/dx/cf/code/BytecodeArray$Visitor;)I @ 891

Internal exceptions (6 events):
Event: 0.301 Thread 0x00007f74b800a000 Exception <a 'java/lang/NoSuchMethodError': Method sun.misc.Unsafe.defineClass(Ljava/lang/String;[BII)Ljava/lang/Class; name or signature does not match> (0x00000000eab07cc0) thrown at [/HUDSON3/workspace/8-2-build-linux-amd64/jdk8u101/7261/hotspot/src/sh
Event: 0.301 Thread 0x00007f74b800a000 Exception <a 'java/lang/NoSuchMethodError': Method sun.misc.Unsafe.prefetchRead(Ljava/lang/Object;J)V name or signature does not match> (0x00000000eab07fa8) thrown at [/HUDSON3/workspace/8-2-build-linux-amd64/jdk8u101/7261/hotspot/src/share/vm/prims/jni.c
Event: 3.490 Thread 0x00007f74b818c800 Implicit null exception at 0x00007f74a9339671 to 0x00007f74a933b64d
Event: 4.297 Thread 0x00007f74b818c800 Exception <a 'java/lang/ArrayIndexOutOfBoundsException': 18> (0x00000000ee293588) thrown at [/HUDSON3/workspace/8-2-build-linux-amd64/jdk8u101/7261/hotspot/src/share/vm/interpreter/interpreterRuntime.cpp, line 366]
Event: 4.297 Thread 0x00007f74b818c800 Exception <a 'java/lang/ArrayIndexOutOfBoundsException': 145> (0x00000000ee295108) thrown at [/HUDSON3/workspace/8-2-build-linux-amd64/jdk8u101/7261/hotspot/src/share/vm/interpreter/interpreterRuntime.cpp, line 366]
Event: 4.298 Thread 0x00007f74b818c800 Exception <a 'java/lang/ArrayIndexOutOfBoundsException'> (0x00000000ee2963f0) thrown at [/HUDSON3/workspace/8-2-build-linux-amd64/jdk8u101/7261/hotspot/src/share/vm/runtime/sharedRuntime.cpp, line 605]

Events (10 events):
Event: 26.626 Executing VM operation: ParallelGCFailedAllocation done
Event: 27.093 Executing VM operation: ParallelGCFailedAllocation
Event: 27.403 Executing VM operation: ParallelGCFailedAllocation done
Event: 27.624 Thread 0x00007f74b8187800 DEOPT PACKING pc=0x00007f74a9737539 sp=0x00007f74999f2d90
Event: 27.624 Thread 0x00007f74b8187800 DEOPT UNPACKING pc=0x00007f74a9046f73 sp=0x00007f74999f2a88 mode 0
Event: 27.674 Thread 0x00007f74b818c800 DEOPT PACKING pc=0x00007f74a96ad7a5 sp=0x00007f74996f0170
Event: 27.674 Thread 0x00007f74b818c800 DEOPT UNPACKING pc=0x00007f74a9046f73 sp=0x00007f74996eff50 mode 0
Event: 27.896 Executing VM operation: ParallelGCFailedAllocation
Event: 28.203 Executing VM operation: ParallelGCFailedAllocation done
Event: 28.661 Executing VM operation: ParallelGCFailedAllocation


Dynamic libraries:
00400000-00401000 r-xp 00000000 08:01 20452133                           /usr/lib/jvm/java-8-oracle/bin/java
00600000-00601000 rw-p 00000000 08:01 20452133                           /usr/lib/jvm/java-8-oracle/bin/java
01df9000-01e3b000 rw-p 00000000 00:00 0                                  [heap]
c0000000-db680000 rw-p 00000000 00:00 0 
e4580000-eab00000 ---p 00000000 00:00 0 
eab00000-ff600000 rw-p 00000000 00:00 0 
ff600000-100000000 ---p 00000000 00:00 0 
100000000-1000c0000 rw-p 00000000 00:00 0 
1000c0000-140000000 ---p 00000000 00:00 0 
7f746c000000-7f746c021000 rw-p 00000000 00:00 0 
7f746c021000-7f7470000000 ---p 00000000 00:00 0 
7f7470000000-7f7470026000 rw-p 00000000 00:00 0 
7f7470026000-7f7474000000 ---p 00000000 00:00 0 
7f7474000000-7f7474034000 rw-p 00000000 00:00 0 
7f7474034000-7f7478000000 ---p 00000000 00:00 0 
7f7478000000-7f7478021000 rw-p 00000000 00:00 0 
7f7478021000-7f747c000000 ---p 00000000 00:00 0 
7f747c000000-7f747c021000 rw-p 00000000 00:00 0 
7f747c021000-7f7480000000 ---p 00000000 00:00 0 
7f7480000000-7f7480021000 rw-p 00000000 00:00 0 
7f7480021000-7f7484000000 ---p 00000000 00:00 0 
7f7484000000-7f748516c000 rw-p 00000000 00:00 0 
7f748516c000-7f7488000000 ---p 00000000 00:00 0 
7f7488000000-7f7488c34000 rw-p 00000000 00:00 0 
7f7488c34000-7f748c000000 ---p 00000000 00:00 0 
7f748c000000-7f748c021000 rw-p 00000000 00:00 0 
7f748c021000-7f7490000000 ---p 00000000 00:00 0 
7f7490000000-7f7490021000 rw-p 00000000 00:00 0 
7f7490021000-7f7494000000 ---p 00000000 00:00 0 
7f7494000000-7f7494021000 rw-p 00000000 00:00 0 
7f7494021000-7f7498000000 ---p 00000000 00:00 0 
7f74994f0000-7f74994f3000 ---p 00000000 00:00 0 
7f74994f3000-7f74995f1000 rw-p 00000000 00:00 0 
7f74995f1000-7f74995f4000 ---p 00000000 00:00 0 
7f74995f4000-7f74996f2000 rw-p 00000000 00:00 0 
7f74996f2000-7f74996f5000 ---p 00000000 00:00 0 
7f74996f5000-7f74997f3000 rw-p 00000000 00:00 0 
7f74997f3000-7f74997f6000 ---p 00000000 00:00 0 
7f74997f6000-7f74998f4000 rw-p 00000000 00:00 0 
7f74998f4000-7f74998f7000 ---p 00000000 00:00 0 
7f74998f7000-7f74999f5000 rw-p 00000000 00:00 0 
7f74999f5000-7f7499afb000 r--s 00a6e000 08:01 3801598                    /home/jeet/AndroidStudioProjects/AbhiLocation/app/build/intermediates/transforms/jarMerging/debug/jars/1/1f/combined.jar
7f7499afb000-7f7499afc000 ---p 00000000 00:00 0 
7f7499afc000-7f7499bfc000 rw-p 00000000 00:00 0 
7f7499bfc000-7f7499bff000 ---p 00000000 00:00 0 
7f7499bff000-7f7499cfd000 rw-p 00000000 00:00 0 
7f7499cfd000-7f7499d00000 ---p 00000000 00:00 0 
7f7499d00000-7f7499dfe000 rw-p 00000000 00:00 0 
7f7499dfe000-7f7499e01000 ---p 00000000 00:00 0 
7f7499e01000-7f7499eff000 rw-p 00000000 00:00 0 
7f7499eff000-7f7499f02000 ---p 00000000 00:00 0 
7f7499f02000-7f749c000000 rw-p 00000000 00:00 0 
7f749c000000-7f749c021000 rw-p 00000000 00:00 0 
7f749c021000-7f74a0000000 ---p 00000000 00:00 0 
7f74a0000000-7f74a0291000 rw-p 00000000 00:00 0 
7f74a0291000-7f74a4000000 ---p 00000000 00:00 0 
7f74a4000000-7f74a4021000 rw-p 00000000 00:00 0 
7f74a4021000-7f74a8000000 ---p 00000000 00:00 0 
7f74a803b000-7f74a89fa000 r--p 00000000 08:01 20192074                   /usr/lib/locale/locale-archive
7f74a89fa000-7f74a89fd000 ---p 00000000 00:00 0 
7f74a89fd000-7f74a8afb000 rw-p 00000000 00:00 0 
7f74a8afb000-7f74a8afe000 ---p 00000000 00:00 0 
7f74a8afe000-7f74a8bfc000 rw-p 00000000 00:00 0 
7f74a8bfc000-7f74a8bfd000 ---p 00000000 00:00 0 
7f74a8bfd000-7f74a9000000 rw-p 00000000 00:00 0 
7f74a9000000-7f74a9ac0000 rwxp 00000000 00:00 0 
7f74a9ac0000-7f74b8000000 ---p 00000000 00:00 0 
7f74b8000000-7f74b83a2000 rw-p 00000000 00:00 0 
7f74b83a2000-7f74bc000000 ---p 00000000 00:00 0 
7f74bc09c000-7f74bc712000 rw-p 00000000 00:00 0 
7f74bc712000-7f74bc8eb000 r--s 03d29000 08:01 20452238                   /usr/lib/jvm/java-8-oracle/jre/lib/rt.jar
7f74bc8eb000-7f74bd021000 rw-p 00000000 00:00 0 
7f74bd021000-7f74bd161000 ---p 00000000 00:00 0 
7f74bd161000-7f74bd361000 rw-p 00000000 00:00 0 
7f74bd361000-7f74bd362000 ---p 00000000 00:00 0 
7f74bd362000-7f74bd462000 rw-p 00000000 00:00 0 
7f74bd462000-7f74bd463000 ---p 00000000 00:00 0 
7f74bd463000-7f74bd63f000 rw-p 00000000 00:00 0 
7f74bd63f000-7f74bd6b9000 ---p 00000000 00:00 0 
7f74bd6b9000-7f74bd795000 rw-p 00000000 00:00 0 
7f74bd795000-7f74bd80e000 ---p 00000000 00:00 0 
7f74bd80e000-7f74bd8b4000 rw-p 00000000 00:00 0 
7f74bd8b4000-7f74bd8b9000 ---p 00000000 00:00 0 
7f74bd8b9000-7f74bd8e5000 rw-p 00000000 00:00 0 
7f74bd8e5000-7f74bdc7a000 ---p 00000000 00:00 0 
7f74bdc7a000-7f74bdc94000 r-xp 00000000 08:01 20452267                   /usr/lib/jvm/java-8-oracle/jre/lib/amd64/libzip.so
7f74bdc94000-7f74bde94000 ---p 0001a000 08:01 20452267                   /usr/lib/jvm/java-8-oracle/jre/lib/amd64/libzip.so
7f74bde94000-7f74bde95000 rw-p 0001a000 08:01 20452267                   /usr/lib/jvm/java-8-oracle/jre/lib/amd64/libzip.so
7f74bde95000-7f74bdea0000 r-xp 00000000 08:01 10490333                   /lib/x86_64-linux-gnu/libnss_files-2.23.so
7f74bdea0000-7f74be09f000 ---p 0000b000 08:01 10490333                   /lib/x86_64-linux-gnu/libnss_files-2.23.so
7f74be09f000-7f74be0a0000 r--p 0000a000 08:01 10490333                   /lib/x86_64-linux-gnu/libnss_files-2.23.so
7f74be0a0000-7f74be0a1000 rw-p 0000b000 08:01 10490333                   /lib/x86_64-linux-gnu/libnss_files-2.23.so
7f74be0a1000-7f74be0a7000 rw-p 00000000 00:00 0 
7f74be0a7000-7f74be0b2000 r-xp 00000000 08:01 10490343                   /lib/x86_64-linux-gnu/libnss_nis-2.23.so
7f74be0b2000-7f74be2b1000 ---p 0000b000 08:01 10490343                   /lib/x86_64-linux-gnu/libnss_nis-2.23.so
7f74be2b1000-7f74be2b2000 r--p 0000a000 08:01 10490343                   /lib/x86_64-linux-gnu/libnss_nis-2.23.so
7f74be2b2000-7f74be2b3000 rw-p 0000b000 08:01 10490343                   /lib/x86_64-linux-gnu/libnss_nis-2.23.so
7f74be2b3000-7f74be2c9000 r-xp 00000000 08:01 10490327                   /lib/x86_64-linux-gnu/libnsl-2.23.so
7f74be2c9000-7f74be4c8000 ---p 00016000 08:01 10490327                   /lib/x86_64-linux-gnu/libnsl-2.23.so
7f74be4c8000-7f74be4c9000 r--p 00015000 08:01 10490327                   /lib/x86_64-linux-gnu/libnsl-2.23.so
7f74be4c9000-7f74be4ca000 rw-p 00016000 08:01 10490327                   /lib/x86_64-linux-gnu/libnsl-2.23.so
7f74be4ca000-7f74be4cc000 rw-p 00000000 00:00 0 
7f74be4cc000-7f74be4d4000 r-xp 00000000 08:01 10490329                   /lib/x86_64-linux-gnu/libnss_compat-2.23.so
7f74be4d4000-7f74be6d3000 ---p 00008000 08:01 10490329                   /lib/x86_64-linux-gnu/libnss_compat-2.23.so
7f74be6d3000-7f74be6d4000 r--p 00007000 08:01 10490329                   /lib/x86_64-linux-gnu/libnss_compat-2.23.so
7f74be6d4000-7f74be6d5000 rw-p 00008000 08:01 10490329                   /lib/x86_64-linux-gnu/libnss_compat-2.23.so
7f74be6d5000-7f74be6ff000 r-xp 00000000 08:01 20452293                   /usr/lib/jvm/java-8-oracle/jre/lib/amd64/libjava.so
7f74be6ff000-7f74be8ff000 ---p 0002a000 08:01 20452293                   /usr/lib/jvm/java-8-oracle/jre/lib/amd64/libjava.so
7f74be8ff000-7f74be901000 rw-p 0002a000 08:01 20452293                   /usr/lib/jvm/java-8-oracle/jre/lib/amd64/libjava.so
7f74be901000-7f74be90e000 r-xp 00000000 08:01 20452247                   /usr/lib/jvm/java-8-oracle/jre/lib/amd64/libverify.so
7f74be90e000-7f74beb0e000 ---p 0000d000 08:01 20452247                   /usr/lib/jvm/java-8-oracle/jre/lib/amd64/libverify.so
7f74beb0e000-7f74beb10000 rw-p 0000d000 08:01 20452247                   /usr/lib/jvm/java-8-oracle/jre/lib/amd64/libverify.so
7f74beb10000-7f74beb17000 r-xp 00000000 08:01 10490388                   /lib/x86_64-linux-gnu/librt-2.23.so
7f74beb17000-7f74bed16000 ---p 00007000 08:01 10490388                   /lib/x86_64-linux-gnu/librt-2.23.so
7f74bed16000-7f74bed17000 r--p 00006000 08:01 10490388                   /lib/x86_64-linux-gnu/librt-2.23.so
7f74bed17000-7f74bed18000 rw-p 00007000 08:01 10490388                   /lib/x86_64-linux-gnu/librt-2.23.so
7f74bed18000-7f74bee20000 r-xp 00000000 08:01 10490304                   /lib/x86_64-linux-gnu/libm-2.23.so
7f74bee20000-7f74bf01f000 ---p 00108000 08:01 10490304                   /lib/x86_64-linux-gnu/libm-2.23.so
7f74bf01f000-7f74bf020000 r--p 00107000 08:01 10490304                   /lib/x86_64-linux-gnu/libm-2.23.so
7f74bf020000-7f74bf021000 rw-p 00108000 08:01 10490304                   /lib/x86_64-linux-gnu/libm-2.23.so
7f74bf021000-7f74bfcec000 r-xp 00000000 08:01 20452297                   /usr/lib/jvm/java-8-oracle/jre/lib/amd64/server/libjvm.so
7f74bfcec000-7f74bfeeb000 ---p 00ccb000 08:01 20452297                   /usr/lib/jvm/java-8-oracle/jre/lib/amd64/server/libjvm.so
7f74bfeeb000-7f74bffc4000 rw-p 00cca000 08:01 20452297                   /usr/lib/jvm/java-8-oracle/jre/lib/amd64/server/libjvm.so
7f74bffc4000-7f74c000f000 rw-p 00000000 00:00 0 
7f74c000f000-7f74c01cf000 r-xp 00000000 08:01 10490234                   /lib/x86_64-linux-gnu/libc-2.23.so
7f74c01cf000-7f74c03ce000 ---p 001c0000 08:01 10490234                   /lib/x86_64-linux-gnu/libc-2.23.so
7f74c03ce000-7f74c03d2000 r--p 001bf000 08:01 10490234                   /lib/x86_64-linux-gnu/libc-2.23.so
7f74c03d2000-7f74c03d4000 rw-p 001c3000 08:01 10490234                   /lib/x86_64-linux-gnu/libc-2.23.so
7f74c03d4000-7f74c03d8000 rw-p 00000000 00:00 0 
7f74c03d8000-7f74c03db000 r-xp 00000000 08:01 10490258                   /lib/x86_64-linux-gnu/libdl-2.23.so
7f74c03db000-7f74c05da000 ---p 00003000 08:01 10490258                   /lib/x86_64-linux-gnu/libdl-2.23.so
7f74c05da000-7f74c05db000 r--p 00002000 08:01 10490258                   /lib/x86_64-linux-gnu/libdl-2.23.so
7f74c05db000-7f74c05dc000 rw-p 00003000 08:01 10490258                   /lib/x86_64-linux-gnu/libdl-2.23.so
7f74c05dc000-7f74c05f1000 r-xp 00000000 08:01 20322628                   /usr/lib/jvm/java-8-oracle/lib/amd64/jli/libjli.so
7f74c05f1000-7f74c07f1000 ---p 00015000 08:01 20322628                   /usr/lib/jvm/java-8-oracle/lib/amd64/jli/libjli.so
7f74c07f1000-7f74c07f2000 rw-p 00015000 08:01 20322628                   /usr/lib/jvm/java-8-oracle/lib/amd64/jli/libjli.so
7f74c07f2000-7f74c080a000 r-xp 00000000 08:01 10490380                   /lib/x86_64-linux-gnu/libpthread-2.23.so
7f74c080a000-7f74c0a09000 ---p 00018000 08:01 10490380                   /lib/x86_64-linux-gnu/libpthread-2.23.so
7f74c0a09000-7f74c0a0a000 r--p 00017000 08:01 10490380                   /lib/x86_64-linux-gnu/libpthread-2.23.so
7f74c0a0a000-7f74c0a0b000 rw-p 00018000 08:01 10490380                   /lib/x86_64-linux-gnu/libpthread-2.23.so
7f74c0a0b000-7f74c0a0f000 rw-p 00000000 00:00 0 
7f74c0a0f000-7f74c0a35000 r-xp 00000000 08:01 10490206                   /lib/x86_64-linux-gnu/ld-2.23.so
7f74c0a3c000-7f74c0b15000 rw-p 00000000 00:00 0 
7f74c0b15000-7f74c0b18000 ---p 00000000 00:00 0 
7f74c0b18000-7f74c0c1a000 rw-p 00000000 00:00 0 
7f74c0c1a000-7f74c0c28000 r--s 000e0000 08:01 18618384                   /home/jeet/Android/Sdk/build-tools/24.0.2/lib/dx.jar
7f74c0c28000-7f74c0c30000 rw-s 00000000 08:01 6554178                    /tmp/hsperfdata_jeet/10591
7f74c0c30000-7f74c0c31000 rw-p 00000000 00:00 0 
7f74c0c31000-7f74c0c32000 ---p 00000000 00:00 0 
7f74c0c32000-7f74c0c34000 rw-p 00000000 00:00 0 
7f74c0c34000-7f74c0c35000 r--p 00025000 08:01 10490206                   /lib/x86_64-linux-gnu/ld-2.23.so
7f74c0c35000-7f74c0c36000 rw-p 00026000 08:01 10490206                   /lib/x86_64-linux-gnu/ld-2.23.so
7f74c0c36000-7f74c0c37000 rw-p 00000000 00:00 0 
7ffe87855000-7ffe87876000 rw-p 00000000 00:00 0                          [stack]
7ffe878e3000-7ffe878e5000 r--p 00000000 00:00 0                          [vvar]
7ffe878e5000-7ffe878e7000 r-xp 00000000 00:00 0                          [vdso]
ffffffffff600000-ffffffffff601000 r-xp 00000000 00:00 0                  [vsyscall]

VM Arguments:
jvm_args: -Djava.awt.headless=true -Xmx1024M -Dfile.encoding=UTF-8 -Duser.country=IN -Duser.language=en -Duser.variant 
java_command: com.android.dx.command.Main --dex --num-threads=4 --multi-dex --main-dex-list /home/jeet/AndroidStudioProjects/AbhiLocation/app/build/intermediates/multi-dex/debug/maindexlist.txt --output /home/jeet/AndroidStudioProjects/AbhiLocation/app/build/intermediates/transforms/dex/debug/folders/1000/1f/main /home/jeet/AndroidStudioProjects/AbhiLocation/app/build/intermediates/transforms/jarMerging/debug/jars/1/1f/combined.jar
java_class_path (initial): /home/jeet/Android/Sdk/build-tools/24.0.2/lib/dx.jar
Launcher Type: SUN_STANDARD

Environment Variables:
PATH=/home/jeet/bin:/home/jeet/.local/bin:/usr/local/sbin:/usr/local/bin:/usr/sbin:/usr/bin:/sbin:/bin:/usr/games:/usr/local/games:/snap/bin
SHELL=/bin/bash
DISPLAY=:0

Signal Handlers:
SIGSEGV: [libjvm.so+0xac4790], sa_mask[0]=11111111011111111101111111111110, sa_flags=SA_RESTART|SA_SIGINFO
SIGBUS: [libjvm.so+0xac4790], sa_mask[0]=11111111011111111101111111111110, sa_flags=SA_RESTART|SA_SIGINFO
SIGFPE: [libjvm.so+0x91f140], sa_mask[0]=11111111011111111101111111111110, sa_flags=SA_RESTART|SA_SIGINFO
SIGPIPE: [libjvm.so+0x91f140], sa_mask[0]=11111111011111111101111111111110, sa_flags=SA_RESTART|SA_SIGINFO
SIGXFSZ: [libjvm.so+0x91f140], sa_mask[0]=11111111011111111101111111111110, sa_flags=SA_RESTART|SA_SIGINFO
SIGILL: [libjvm.so+0x91f140], sa_mask[0]=11111111011111111101111111111110, sa_flags=SA_RESTART|SA_SIGINFO
SIGUSR1: SIG_DFL, sa_mask[0]=00000000000000000000000000000000, sa_flags=none
SIGUSR2: [libjvm.so+0x920770], sa_mask[0]=00100000000000000000000000000000, sa_flags=SA_RESTART|SA_SIGINFO
SIGHUP: [libjvm.so+0x921b70], sa_mask[0]=11111111011111111101111111111110, sa_flags=SA_RESTART|SA_SIGINFO
SIGINT: [libjvm.so+0x921b70], sa_mask[0]=11111111011111111101111111111110, sa_flags=SA_RESTART|SA_SIGINFO
SIGTERM: [libjvm.so+0x921b70], sa_mask[0]=11111111011111111101111111111110, sa_flags=SA_RESTART|SA_SIGINFO
SIGQUIT: [libjvm.so+0x921b70], sa_mask[0]=11111111011111111101111111111110, sa_flags=SA_RESTART|SA_SIGINFO


---------------  S Y S T E M  ---------------

OS:DISTRIB_ID=Ubuntu
DISTRIB_RELEASE=16.04
DISTRIB_CODENAME=xenial
DISTRIB_DESCRIPTION="Ubuntu 16.04.1 LTS"

uname:Linux 4.4.0-45-generic #66-Ubuntu SMP Wed Oct 19 14:12:37 UTC 2016 x86_64
libc:glibc 2.23 NPTL 2.23 
rlimit: STACK 8192k, CORE 0k, NPROC 15513, NOFILE 65536, AS infinity
load average:3.64 3.91 3.35

/proc/meminfo:
MemTotal:        4010484 kB
MemFree:          114764 kB
MemAvailable:      54080 kB
Buffers:           24368 kB
Cached:           300096 kB
SwapCached:            0 kB
Active:          3484464 kB
Inactive:         277952 kB
Active(anon):    3442144 kB
Inactive(anon):   240432 kB
Active(file):      42320 kB
Inactive(file):    37520 kB
Unevictable:          32 kB
Mlocked:              32 kB
SwapTotal:             0 kB
SwapFree:              0 kB
Dirty:               100 kB
Writeback:             0 kB
AnonPages:       3437952 kB
Mapped:            81200 kB
Shmem:            244676 kB
Slab:              67060 kB
SReclaimable:      38024 kB
SUnreclaim:        29036 kB
KernelStack:        8384 kB
PageTables:        34652 kB
NFS_Unstable:          0 kB
Bounce:                0 kB
WritebackTmp:          0 kB
CommitLimit:     2005240 kB
Committed_AS:    6692288 kB
VmallocTotal:   34359738367 kB
VmallocUsed:           0 kB
VmallocChunk:          0 kB
HardwareCorrupted:     0 kB
AnonHugePages:   1888256 kB
CmaTotal:              0 kB
CmaFree:               0 kB
HugePages_Total:       0
HugePages_Free:        0
HugePages_Rsvd:        0
HugePages_Surp:        0
Hugepagesize:       2048 kB
DirectMap4k:      109440 kB
DirectMap2M:     4048896 kB


CPU:total 2 (2 cores per cpu, 1 threads per core) family 6 model 23 stepping 10, cmov, cx8, fxsr, mmx, sse, sse2, sse3, ssse3, sse4.1, tsc

/proc/cpuinfo:
processor	: 0
vendor_id	: GenuineIntel
cpu family	: 6
model		: 23
model name	: Intel(R) Core(TM)2 Duo CPU     E7500  @ 2.93GHz
stepping	: 10
microcode	: 0xa0b
cpu MHz		: 2933.000
cache size	: 3072 KB
physical id	: 0
siblings	: 2
core id		: 0
cpu cores	: 2
apicid		: 0
initial apicid	: 0
fpu		: yes
fpu_exception	: yes
cpuid level	: 13
wp		: yes
flags		: fpu vme de pse tsc msr pae mce cx8 apic sep mtrr pge mca cmov pat pse36 clflush dts acpi mmx fxsr sse sse2 ss ht tm pbe syscall nx lm constant_tsc arch_perfmon pebs bts rep_good nopl aperfmperf pni dtes64 monitor ds_cpl vmx est tm2 ssse3 cx16 xtpr pdcm sse4_1 xsave lahf_lm tpr_shadow vnmi flexpriority dtherm
bugs		:
bogomips	: 5866.17
clflush size	: 64
cache_alignment	: 64
address sizes	: 36 bits physical, 48 bits virtual
power management:

processor	: 1
vendor_id	: GenuineIntel
cpu family	: 6
model		: 23
model name	: Intel(R) Core(TM)2 Duo CPU     E7500  @ 2.93GHz
stepping	: 10
microcode	: 0xa0b
cpu MHz		: 2933.000
cache size	: 3072 KB
physical id	: 0
siblings	: 2
core id		: 1
cpu cores	: 2
apicid		: 1
initial apicid	: 1
fpu		: yes
fpu_exception	: yes
cpuid level	: 13
wp		: yes
flags		: fpu vme de pse tsc msr pae mce cx8 apic sep mtrr pge mca cmov pat pse36 clflush dts acpi mmx fxsr sse sse2 ss ht tm pbe syscall nx lm constant_tsc arch_perfmon pebs bts rep_good nopl aperfmperf pni dtes64 monitor ds_cpl vmx est tm2 ssse3 cx16 xtpr pdcm sse4_1 xsave lahf_lm tpr_shadow vnmi flexpriority dtherm
bugs		:
bogomips	: 5866.17
clflush size	: 64
cache_alignment	: 64
address sizes	: 36 bits physical, 48 bits virtual
power management:



Memory: 4k page, physical 4010484k(114764k free), swap 0k(0k free)

vm_info: Java HotSpot(TM) 64-Bit Server VM (25.101-b13) for linux-amd64 JRE (1.8.0_101-b13), built on Jun 22 2016 02:59:44 by "java_re" with gcc 4.3.0 20080428 (Red Hat 4.3.0-8)

time: Fri Oct 28 14:03:57 2016
elapsed time: 32 seconds (0d 0h 0m 32s)

