#
# There is insufficient memory for the Java Runtime Environment to continue.
# Native memory allocation (mmap) failed to map 146800640 bytes for committing reserved memory.
# Possible reasons:
#   The system is out of physical RAM or swap space
#   In 32 bit mode, the process size limit was hit
# Possible solutions:
#   Reduce memory load on the system
#   Increase physical memory or swap space
#   Check if swap backing store is full
#   Use 64 bit Java on a 64 bit OS
#   Decrease Java heap size (-Xmx/-Xms)
#   Decrease number of Java threads
#   Decrease Java thread stack sizes (-Xss)
#   Set larger code cache with -XX:ReservedCodeCacheSize=
# This output file may be truncated or incomplete.
#
#  Out of Memory Error (os_linux.cpp:2627), pid=13234, tid=0x00007fbc0c225700
#
# JRE version: Java(TM) SE Runtime Environment (8.0_101-b13) (build 1.8.0_101-b13)
# Java VM: Java HotSpot(TM) 64-Bit Server VM (25.101-b13 mixed mode linux-amd64 compressed oops)
# Failed to write core dump. Core dumps have been disabled. To enable core dumping, try "ulimit -c unlimited" before starting Java again
#

---------------  T H R E A D  ---------------

Current thread (0x00007fbc20073800):  VMThread [stack: 0x00007fbc0c125000,0x00007fbc0c226000] [id=13244]

Stack: [0x00007fbc0c125000,0x00007fbc0c226000],  sp=0x00007fbc0c224320,  free space=1020k
Native frames: (J=compiled Java code, j=interpreted, Vv=VM code, C=native code)
V  [libjvm.so+0xac3f0a]  VMError::report_and_die()+0x2ba
V  [libjvm.so+0x4fbf9b]  report_vm_out_of_memory(char const*, int, unsigned long, VMErrorType, char const*)+0x8b
V  [libjvm.so+0x9222d3]  os::Linux::commit_memory_impl(char*, unsigned long, bool)+0x103
V  [libjvm.so+0x922829]  os::pd_commit_memory(char*, unsigned long, unsigned long, bool)+0x29
V  [libjvm.so+0x91cb2a]  os::commit_memory(char*, unsigned long, unsigned long, bool)+0x2a
V  [libjvm.so+0x991053]  PSVirtualSpace::expand_by(unsigned long)+0x53
V  [libjvm.so+0x992458]  PSYoungGen::resize_generation(unsigned long, unsigned long)+0xf8
V  [libjvm.so+0x9915b2]  PSYoungGen::resize(unsigned long, unsigned long)+0x22
V  [libjvm.so+0x98e88b]  PSScavenge::invoke_no_policy()+0xf3b
V  [libjvm.so+0x98f011]  PSScavenge::invoke()+0x41
V  [libjvm.so+0x945fc0]  ParallelScavengeHeap::failed_mem_allocate(unsigned long)+0x70
V  [libjvm.so+0xac5927]  VM_ParallelGCFailedAllocation::doit()+0x97
V  [libjvm.so+0xacd405]  VM_Operation::evaluate()+0x55
V  [libjvm.so+0xacb7da]  VMThread::evaluate_operation(VM_Operation*)+0xba
V  [libjvm.so+0xacbb5e]  VMThread::loop()+0x1ce
V  [libjvm.so+0xacbfd0]  VMThread::run()+0x70
V  [libjvm.so+0x924698]  java_start(Thread*)+0x108

VM_Operation (0x00007fbbfec34bf0): ParallelGCFailedAllocation, mode: safepoint, requested by thread 0x00007fbc20139800


---------------  P R O C E S S  ---------------

Java Threads: ( => current thread )
  0x00007fbc20139800 JavaThread "pool-2-thread-4" [_thread_blocked, id=13256, stack(0x00007fbbfeb36000,0x00007fbbfec37000)]
  0x00007fbc20136800 JavaThread "pool-2-thread-2" [_thread_blocked, id=13254, stack(0x00007fbbfed38000,0x00007fbbfee39000)]
  0x00007fbc20135000 JavaThread "pool-3-thread-1" [_thread_blocked, id=13253, stack(0x00007fbbfee39000,0x00007fbbfef3a000)]
  0x00007fbc200ba000 JavaThread "Service Thread" daemon [_thread_blocked, id=13250, stack(0x00007fbbff13c000,0x00007fbbff23d000)]
  0x00007fbc200b7000 JavaThread "C1 CompilerThread1" daemon [_thread_blocked, id=13249, stack(0x00007fbbff23d000,0x00007fbbff33e000)]
  0x00007fbc200b4000 JavaThread "C2 CompilerThread0" daemon [_thread_blocked, id=13248, stack(0x00007fbbff33e000,0x00007fbbff43f000)]
  0x00007fbc200b2800 JavaThread "Signal Dispatcher" daemon [_thread_blocked, id=13247, stack(0x00007fbbff43f000,0x00007fbbff540000)]
  0x00007fbc20080000 JavaThread "Finalizer" daemon [_thread_blocked, id=13246, stack(0x00007fbbffeff000,0x00007fbc00000000)]
  0x00007fbc2007b800 JavaThread "Reference Handler" daemon [_thread_blocked, id=13245, stack(0x00007fbc0c024000,0x00007fbc0c125000)]
  0x00007fbc2000a000 JavaThread "main" [_thread_blocked, id=13239, stack(0x00007fbc25fac000,0x00007fbc260ad000)]

Other Threads:
=>0x00007fbc20073800 VMThread [stack: 0x00007fbc0c125000,0x00007fbc0c226000] [id=13244]
  0x00007fbc200bc800 WatcherThread [stack: 0x00007fbbff03b000,0x00007fbbff13c000] [id=13251]

VM state:at safepoint (normal execution)

VM Mutex/Monitor currently owned by a thread:  ([mutex/lock_event])
[0x00007fbc20006530] Threads_lock - owner thread: 0x00007fbc20073800
[0x00007fbc20006a30] Heap_lock - owner thread: 0x00007fbc20139800

Heap:
 PSYoungGen      total 140288K, used 14334K [0x00000000eab00000, 0x00000000f4300000, 0x0000000100000000)
  eden space 125952K, 0% used [0x00000000eab00000,0x00000000eab00000,0x00000000f2600000)
  from space 14336K, 99% used [0x00000000f2600000,0x00000000f33ffb90,0x00000000f3400000)
  to   space 13312K, 0% used [0x00000000f3400000,0x00000000f3400000,0x00000000f4100000)
 ParOldGen       total 42496K, used 36001K [0x00000000c0000000, 0x00000000c2980000, 0x00000000eab00000)
  object space 42496K, 84% used [0x00000000c0000000,0x00000000c2328530,0x00000000c2980000)
 Metaspace       used 6296K, capacity 7128K, committed 7424K, reserved 1056768K
  class space    used 615K, capacity 656K, committed 768K, reserved 1048576K

Card table byte_map: [0x00007fbc0f9a1000,0x00007fbc0fba2000] byte_map_base: 0x00007fbc0f3a1000

Marking Bits: (ParMarkBitMap*) 0x00007fbc25479120
 Begin Bits: [0x00007fbc0d79f000, 0x00007fbc0e79f000)
 End Bits:   [0x00007fbc0e79f000, 0x00007fbc0f79f000)

Polling page: 0x00007fbc260c8000

CodeCache: size=245760Kb used=6674Kb max_used=6674Kb free=239085Kb
 bounds [0x00007fbc0ff62000, 0x00007fbc105f2000, 0x00007fbc1ef62000]
 total_blobs=1955 nmethods=1689 adapters=182
 compilation: enabled

Compilation events (10 events):
Event: 6.541 Thread 0x00007fbc200b7000 2010       3       com.android.dx.rop.code.LocalVariableExtractor::doit (49 bytes)
Event: 6.541 Thread 0x00007fbc200b7000 nmethod 2010 0x00007fbc105e7290 code [0x00007fbc105e7440, 0x00007fbc105e78f8]
Event: 6.541 Thread 0x00007fbc200b7000 2013       2       com.android.dx.command.dexer.Main::access$1800 (4 bytes)
Event: 6.541 Thread 0x00007fbc200b7000 nmethod 2013 0x00007fbc105e7b50 code [0x00007fbc105e7ca0, 0x00007fbc105e7dd0]
Event: 6.541 Thread 0x00007fbc200b7000 2014       2       com.android.dx.command.dexer.Main::access$2000 (4 bytes)
Event: 6.541 Thread 0x00007fbc200b7000 nmethod 2014 0x00007fbc105e7e50 code [0x00007fbc105e7fa0, 0x00007fbc105e80d0]
Event: 6.545 Thread 0x00007fbc200b7000 2015 %     3       java.util.ArrayList::indexOf @ 36 (67 bytes)
Event: 6.545 Thread 0x00007fbc200b7000 nmethod 2015% 0x00007fbc105e8150 code [0x00007fbc105e8300, 0x00007fbc105e8808]
Event: 6.545 Thread 0x00007fbc200b7000 2016       3       java.util.ArrayList::indexOf (67 bytes)
Event: 6.546 Thread 0x00007fbc200b7000 nmethod 2016 0x00007fbc105e8a50 code [0x00007fbc105e8c00, 0x00007fbc105e90c8]

GC Heap History (10 events):
Event: 1.993 GC heap after
Heap after GC invocations=2 (full 0):
 PSYoungGen      total 34304K, used 2556K [0x00000000eab00000, 0x00000000ecf00000, 0x0000000100000000)
  eden space 31744K, 0% used [0x00000000eab00000,0x00000000eab00000,0x00000000eca00000)
  from space 2560K, 99% used [0x00000000ecc80000,0x00000000eceff1d0,0x00000000ecf00000)
  to   space 2560K, 0% used [0x00000000eca00000,0x00000000eca00000,0x00000000ecc80000)
 ParOldGen       total 42496K, used 2614K [0x00000000c0000000, 0x00000000c2980000, 0x00000000eab00000)
  object space 42496K, 6% used [0x00000000c0000000,0x00000000c028db68,0x00000000c2980000)
 Metaspace       used 5722K, capacity 6704K, committed 6784K, reserved 1056768K
  class space    used 592K, capacity 616K, committed 640K, reserved 1048576K
}
Event: 2.799 GC heap before
{Heap before GC invocations=3 (full 0):
 PSYoungGen      total 34304K, used 34300K [0x00000000eab00000, 0x00000000ecf00000, 0x0000000100000000)
  eden space 31744K, 100% used [0x00000000eab00000,0x00000000eca00000,0x00000000eca00000)
  from space 2560K, 99% used [0x00000000ecc80000,0x00000000eceff1d0,0x00000000ecf00000)
  to   space 2560K, 0% used [0x00000000eca00000,0x00000000eca00000,0x00000000ecc80000)
 ParOldGen       total 42496K, used 2614K [0x00000000c0000000, 0x00000000c2980000, 0x00000000eab00000)
  object space 42496K, 6% used [0x00000000c0000000,0x00000000c028db68,0x00000000c2980000)
 Metaspace       used 5834K, capacity 6832K, committed 7040K, reserved 1056768K
  class space    used 592K, capacity 616K, committed 640K, reserved 1048576K
Event: 2.879 GC heap after
Heap after GC invocations=3 (full 0):
 PSYoungGen      total 34304K, used 2538K [0x00000000eab00000, 0x00000000eee00000, 0x0000000100000000)
  eden space 31744K, 0% used [0x00000000eab00000,0x00000000eab00000,0x00000000eca00000)
  from space 2560K, 99% used [0x00000000eca00000,0x00000000ecc7a928,0x00000000ecc80000)
  to   space 2560K, 0% used [0x00000000eeb80000,0x00000000eeb80000,0x00000000eee00000)
 ParOldGen       total 42496K, used 8300K [0x00000000c0000000, 0x00000000c2980000, 0x00000000eab00000)
  object space 42496K, 19% used [0x00000000c0000000,0x00000000c081b2e0,0x00000000c2980000)
 Metaspace       used 5834K, capacity 6832K, committed 7040K, reserved 1056768K
  class space    used 592K, capacity 616K, committed 640K, reserved 1048576K
}
Event: 3.340 GC heap before
{Heap before GC invocations=4 (full 0):
 PSYoungGen      total 34304K, used 34282K [0x00000000eab00000, 0x00000000eee00000, 0x0000000100000000)
  eden space 31744K, 100% used [0x00000000eab00000,0x00000000eca00000,0x00000000eca00000)
  from space 2560K, 99% used [0x00000000eca00000,0x00000000ecc7a928,0x00000000ecc80000)
  to   space 2560K, 0% used [0x00000000eeb80000,0x00000000eeb80000,0x00000000eee00000)
 ParOldGen       total 42496K, used 8300K [0x00000000c0000000, 0x00000000c2980000, 0x00000000eab00000)
  object space 42496K, 19% used [0x00000000c0000000,0x00000000c081b2e0,0x00000000c2980000)
 Metaspace       used 5866K, capacity 6832K, committed 7040K, reserved 1056768K
  class space    used 592K, capacity 616K, committed 640K, reserved 1048576K
Event: 3.413 GC heap after
Heap after GC invocations=4 (full 0):
 PSYoungGen      total 66048K, used 2538K [0x00000000eab00000, 0x00000000eee00000, 0x0000000100000000)
  eden space 63488K, 0% used [0x00000000eab00000,0x00000000eab00000,0x00000000ee900000)
  from space 2560K, 99% used [0x00000000eeb80000,0x00000000eedfa928,0x00000000eee00000)
  to   space 2560K, 0% used [0x00000000ee900000,0x00000000ee900000,0x00000000eeb80000)
 ParOldGen       total 42496K, used 12978K [0x00000000c0000000, 0x00000000c2980000, 0x00000000eab00000)
  object space 42496K, 30% used [0x00000000c0000000,0x00000000c0cacb10,0x00000000c2980000)
 Metaspace       used 5866K, capacity 6832K, committed 7040K, reserved 1056768K
  class space    used 592K, capacity 616K, committed 640K, reserved 1048576K
}
Event: 4.300 GC heap before
{Heap before GC invocations=5 (full 0):
 PSYoungGen      total 66048K, used 66026K [0x00000000eab00000, 0x00000000eee00000, 0x0000000100000000)
  eden space 63488K, 100% used [0x00000000eab00000,0x00000000ee900000,0x00000000ee900000)
  from space 2560K, 99% used [0x00000000eeb80000,0x00000000eedfa928,0x00000000eee00000)
  to   space 2560K, 0% used [0x00000000ee900000,0x00000000ee900000,0x00000000eeb80000)
 ParOldGen       total 42496K, used 12978K [0x00000000c0000000, 0x00000000c2980000, 0x00000000eab00000)
  object space 42496K, 30% used [0x00000000c0000000,0x00000000c0cacb10,0x00000000c2980000)
 Metaspace       used 5949K, capacity 6896K, committed 7040K, reserved 1056768K
  class space    used 593K, capacity 616K, committed 640K, reserved 1048576K
Event: 4.402 GC heap after
Heap after GC invocations=5 (full 0):
 PSYoungGen      total 66048K, used 2533K [0x00000000eab00000, 0x00000000f4100000, 0x0000000100000000)
  eden space 63488K, 0% used [0x00000000eab00000,0x00000000eab00000,0x00000000ee900000)
  from space 2560K, 98% used [0x00000000ee900000,0x00000000eeb79500,0x00000000eeb80000)
  to   space 13312K, 0% used [0x00000000f3400000,0x00000000f3400000,0x00000000f4100000)
 ParOldGen       total 42496K, used 22902K [0x00000000c0000000, 0x00000000c2980000, 0x00000000eab00000)
  object space 42496K, 53% used [0x00000000c0000000,0x00000000c165db98,0x00000000c2980000)
 Metaspace       used 5949K, capacity 6896K, committed 7040K, reserved 1056768K
  class space    used 593K, capacity 616K, committed 640K, reserved 1048576K
}
Event: 5.171 GC heap before
{Heap before GC invocations=6 (full 0):
 PSYoungGen      total 66048K, used 66021K [0x00000000eab00000, 0x00000000f4100000, 0x0000000100000000)
  eden space 63488K, 100% used [0x00000000eab00000,0x00000000ee900000,0x00000000ee900000)
  from space 2560K, 98% used [0x00000000ee900000,0x00000000eeb79500,0x00000000eeb80000)
  to   space 13312K, 0% used [0x00000000f3400000,0x00000000f3400000,0x00000000f4100000)
 ParOldGen       total 42496K, used 22902K [0x00000000c0000000, 0x00000000c2980000, 0x00000000eab00000)
  object space 42496K, 53% used [0x00000000c0000000,0x00000000c165db98,0x00000000c2980000)
 Metaspace       used 6087K, capacity 7000K, committed 7168K, reserved 1056768K
  class space    used 613K, capacity 656K, committed 768K, reserved 1048576K
Event: 5.361 GC heap after
Heap after GC invocations=6 (full 0):
 PSYoungGen      total 139264K, used 10528K [0x00000000eab00000, 0x00000000f4300000, 0x0000000100000000)
  eden space 125952K, 0% used [0x00000000eab00000,0x00000000eab00000,0x00000000f2600000)
  from space 13312K, 79% used [0x00000000f3400000,0x00000000f3e482f8,0x00000000f4100000)
  to   space 14336K, 0% used [0x00000000f2600000,0x00000000f2600000,0x00000000f3400000)
 ParOldGen       total 42496K, used 22902K [0x00000000c0000000, 0x00000000c2980000, 0x00000000eab00000)
  object space 42496K, 53% used [0x00000000c0000000,0x00000000c165db98,0x00000000c2980000)
 Metaspace       used 6087K, capacity 7000K, committed 7168K, reserved 1056768K
  class space    used 613K, capacity 656K, committed 768K, reserved 1048576K
}
Event: 6.549 GC heap before
{Heap before GC invocations=7 (full 0):
 PSYoungGen      total 139264K, used 136480K [0x00000000eab00000, 0x00000000f4300000, 0x0000000100000000)
  eden space 125952K, 100% used [0x00000000eab00000,0x00000000f2600000,0x00000000f2600000)
  from space 13312K, 79% used [0x00000000f3400000,0x00000000f3e482f8,0x00000000f4100000)
  to   space 14336K, 0% used [0x00000000f2600000,0x00000000f2600000,0x00000000f3400000)
 ParOldGen       total 42496K, used 22902K [0x00000000c0000000, 0x00000000c2980000, 0x00000000eab00000)
  object space 42496K, 53% used [0x00000000c0000000,0x00000000c165db98,0x00000000c2980000)
 Metaspace       used 6296K, capacity 7128K, committed 7424K, reserved 1056768K
  class space    used 615K, capacity 656K, committed 768K, reserved 1048576K

Deoptimization events (10 events):
Event: 1.577 Thread 0x00007fbc20139800 Uncommon trap: reason=bimorphic action=maybe_recompile pc=0x00007fbc1018161c method=java.util.HashMap.getNode(ILjava/lang/Object;)Ljava/util/HashMap$Node; @ 126
Event: 2.122 Thread 0x00007fbc20137800 Uncommon trap: reason=bimorphic action=maybe_recompile pc=0x00007fbc1018161c method=java.util.HashMap.getNode(ILjava/lang/Object;)Ljava/util/HashMap$Node; @ 126
Event: 2.293 Thread 0x00007fbc2000a000 Uncommon trap: reason=null_check action=make_not_entrant pc=0x00007fbc1022b3a4 method=com.android.dx.ssa.SsaRenamer.getLocalForNewReg(I)Lcom/android/dx/rop/code/LocalItem; @ 19
Event: 2.638 Thread 0x00007fbc2000a000 Uncommon trap: reason=unstable_if action=reinterpret pc=0x00007fbc1012813c method=java.lang.String.<init>([CII)V @ 18
Event: 2.918 Thread 0x00007fbc20139800 Uncommon trap: reason=bimorphic action=maybe_recompile pc=0x00007fbc1018161c method=java.util.HashMap.getNode(ILjava/lang/Object;)Ljava/util/HashMap$Node; @ 126
Event: 2.918 Thread 0x00007fbc20139800 Uncommon trap: reason=bimorphic action=maybe_recompile pc=0x00007fbc1018161c method=java.util.HashMap.getNode(ILjava/lang/Object;)Ljava/util/HashMap$Node; @ 126
Event: 2.962 Thread 0x00007fbc2000a000 Uncommon trap: reason=unstable_if action=reinterpret pc=0x00007fbc10146614 method=java.lang.String.<init>([CII)V @ 18
Event: 4.676 Thread 0x00007fbc2000a000 Uncommon trap: reason=unstable_if action=reinterpret pc=0x00007fbc1021e1ec method=java.util.HashMap.getNode(ILjava/lang/Object;)Ljava/util/HashMap$Node; @ 84
Event: 4.963 Thread 0x00007fbc20136800 Uncommon trap: reason=unstable_if action=reinterpret pc=0x00007fbc1048795c method=java.util.HashMap.getNode(ILjava/lang/Object;)Ljava/util/HashMap$Node; @ 84
Event: 4.963 Thread 0x00007fbc20136800 Uncommon trap: reason=unstable_if action=reinterpret pc=0x00007fbc102f9b98 method=java.util.HashMap.getNode(ILjava/lang/Object;)Ljava/util/HashMap$Node; @ 84

Internal exceptions (6 events):
Event: 0.031 Thread 0x00007fbc2000a000 Exception <a 'java/lang/NoSuchMethodError': Method sun.misc.Unsafe.defineClass(Ljava/lang/String;[BII)Ljava/lang/Class; name or signature does not match> (0x00000000eab07cc0) thrown at [/HUDSON3/workspace/8-2-build-linux-amd64/jdk8u101/7261/hotspot/src/sh
Event: 0.031 Thread 0x00007fbc2000a000 Exception <a 'java/lang/NoSuchMethodError': Method sun.misc.Unsafe.prefetchRead(Ljava/lang/Object;J)V name or signature does not match> (0x00000000eab07fa8) thrown at [/HUDSON3/workspace/8-2-build-linux-amd64/jdk8u101/7261/hotspot/src/share/vm/prims/jni.c
Event: 2.293 Thread 0x00007fbc2000a000 Implicit null exception at 0x00007fbc10229043 to 0x00007fbc1022b381
Event: 4.618 Thread 0x00007fbc2000a000 Exception <a 'java/lang/ArrayIndexOutOfBoundsException': 18> (0x00000000ec01db80) thrown at [/HUDSON3/workspace/8-2-build-linux-amd64/jdk8u101/7261/hotspot/src/share/vm/interpreter/interpreterRuntime.cpp, line 366]
Event: 4.618 Thread 0x00007fbc2000a000 Exception <a 'java/lang/ArrayIndexOutOfBoundsException': 145> (0x00000000ec01f700) thrown at [/HUDSON3/workspace/8-2-build-linux-amd64/jdk8u101/7261/hotspot/src/share/vm/interpreter/interpreterRuntime.cpp, line 366]
Event: 4.627 Thread 0x00007fbc2000a000 Exception <a 'java/lang/ArrayIndexOutOfBoundsException': 40> (0x00000000ec0209e8) thrown at [/HUDSON3/workspace/8-2-build-linux-amd64/jdk8u101/7261/hotspot/src/share/vm/interpreter/interpreterRuntime.cpp, line 366]

Events (10 events):
Event: 6.534 Thread 0x00007fbc20136800 DEOPT UNPACKING pc=0x00007fbc0ffa8f73 sp=0x00007fbbfee36e50 mode 0
Event: 6.537 Thread 0x00007fbc20139800 DEOPT PACKING pc=0x00007fbc104683ec sp=0x00007fbbfec34e90
Event: 6.537 Thread 0x00007fbc20139800 DEOPT UNPACKING pc=0x00007fbc0ffa8f73 sp=0x00007fbbfec34c78 mode 0
Event: 6.537 Thread 0x00007fbc20139800 DEOPT PACKING pc=0x00007fbc104691ad sp=0x00007fbbfec35000
Event: 6.537 Thread 0x00007fbc20139800 DEOPT UNPACKING pc=0x00007fbc0ffa8f73 sp=0x00007fbbfec34d58 mode 0
Event: 6.542 Thread 0x00007fbc20132800 Thread exited: 0x00007fbc20132800
Event: 6.546 Thread 0x00007fbc20136800 DEOPT PACKING pc=0x00007fbc10242624 sp=0x00007fbbfee36e80
Event: 6.546 Thread 0x00007fbc20136800 DEOPT UNPACKING pc=0x00007fbc0ffa8f73 sp=0x00007fbbfee36bc8 mode 0
Event: 6.546 Thread 0x00007fbc20137800 Thread exited: 0x00007fbc20137800
Event: 6.546 Executing VM operation: ParallelGCFailedAllocation


Dynamic libraries:
00400000-00401000 r-xp 00000000 08:01 20452133                           /usr/lib/jvm/java-8-oracle/bin/java
00600000-00601000 rw-p 00000000 08:01 20452133                           /usr/lib/jvm/java-8-oracle/bin/java
00698000-006b9000 rw-p 00000000 00:00 0                                  [heap]
c0000000-c2980000 rw-p 00000000 00:00 0 
c2980000-eab00000 ---p 00000000 00:00 0 
eab00000-f4300000 rw-p 00000000 00:00 0 
fcf00000-100000000 ---p 00000000 00:00 0 
100000000-1000c0000 rw-p 00000000 00:00 0 
1000c0000-140000000 ---p 00000000 00:00 0 
7fbbd0000000-7fbbd0021000 rw-p 00000000 00:00 0 
7fbbd0021000-7fbbd4000000 ---p 00000000 00:00 0 
7fbbd4000000-7fbbd4021000 rw-p 00000000 00:00 0 
7fbbd4021000-7fbbd8000000 ---p 00000000 00:00 0 
7fbbd8000000-7fbbd8023000 rw-p 00000000 00:00 0 
7fbbd8023000-7fbbdc000000 ---p 00000000 00:00 0 
7fbbdc000000-7fbbdc021000 rw-p 00000000 00:00 0 
7fbbdc021000-7fbbe0000000 ---p 00000000 00:00 0 
7fbbe0000000-7fbbe0021000 rw-p 00000000 00:00 0 
7fbbe0021000-7fbbe4000000 ---p 00000000 00:00 0 
7fbbe4000000-7fbbe4021000 rw-p 00000000 00:00 0 
7fbbe4021000-7fbbe8000000 ---p 00000000 00:00 0 
7fbbe8000000-7fbbe8527000 rw-p 00000000 00:00 0 
7fbbe8527000-7fbbec000000 ---p 00000000 00:00 0 
7fbbec000000-7fbbec6fb000 rw-p 00000000 00:00 0 
7fbbec6fb000-7fbbf0000000 ---p 00000000 00:00 0 
7fbbf0000000-7fbbf0021000 rw-p 00000000 00:00 0 
7fbbf0021000-7fbbf4000000 ---p 00000000 00:00 0 
7fbbf4000000-7fbbf4021000 rw-p 00000000 00:00 0 
7fbbf4021000-7fbbf8000000 ---p 00000000 00:00 0 
7fbbf8000000-7fbbf8021000 rw-p 00000000 00:00 0 
7fbbf8021000-7fbbfc000000 ---p 00000000 00:00 0 
7fbbfeb36000-7fbbfeb39000 ---p 00000000 00:00 0 
7fbbfeb39000-7fbbfec37000 rw-p 00000000 00:00 0 
7fbbfec37000-7fbbfec3a000 ---p 00000000 00:00 0 
7fbbfec3a000-7fbbfed38000 rw-p 00000000 00:00 0 
7fbbfed38000-7fbbfed3b000 ---p 00000000 00:00 0 
7fbbfed3b000-7fbbfee39000 rw-p 00000000 00:00 0 
7fbbfee39000-7fbbfee3c000 ---p 00000000 00:00 0 
7fbbfee3c000-7fbbfef3a000 rw-p 00000000 00:00 0 
7fbbfef3a000-7fbbfef3d000 ---p 00000000 00:00 0 
7fbbfef3d000-7fbbff03b000 rw-p 00000000 00:00 0 
7fbbff03b000-7fbbff03c000 ---p 00000000 00:00 0 
7fbbff03c000-7fbbff13c000 rw-p 00000000 00:00 0 
7fbbff13c000-7fbbff13f000 ---p 00000000 00:00 0 
7fbbff13f000-7fbbff23d000 rw-p 00000000 00:00 0 
7fbbff23d000-7fbbff240000 ---p 00000000 00:00 0 
7fbbff240000-7fbbff33e000 rw-p 00000000 00:00 0 
7fbbff33e000-7fbbff341000 ---p 00000000 00:00 0 
7fbbff341000-7fbbff43f000 rw-p 00000000 00:00 0 
7fbbff43f000-7fbbff442000 ---p 00000000 00:00 0 
7fbbff442000-7fbbff540000 rw-p 00000000 00:00 0 
7fbbff540000-7fbbffeff000 r--p 00000000 08:01 20192074                   /usr/lib/locale/locale-archive
7fbbffeff000-7fbbfff02000 ---p 00000000 00:00 0 
7fbbfff02000-7fbc00000000 rw-p 00000000 00:00 0 
7fbc00000000-7fbc00021000 rw-p 00000000 00:00 0 
7fbc00021000-7fbc04000000 ---p 00000000 00:00 0 
7fbc04000000-7fbc0428e000 rw-p 00000000 00:00 0 
7fbc0428e000-7fbc08000000 ---p 00000000 00:00 0 
7fbc08000000-7fbc08021000 rw-p 00000000 00:00 0 
7fbc08021000-7fbc0c000000 ---p 00000000 00:00 0 
7fbc0c024000-7fbc0c027000 ---p 00000000 00:00 0 
7fbc0c027000-7fbc0c125000 rw-p 00000000 00:00 0 
7fbc0c125000-7fbc0c126000 ---p 00000000 00:00 0 
7fbc0c126000-7fbc0cb50000 rw-p 00000000 00:00 0 
7fbc0cb50000-7fbc0cd29000 r--s 03d29000 08:01 20452238                   /usr/lib/jvm/java-8-oracle/jre/lib/rt.jar
7fbc0cd29000-7fbc0d41f000 rw-p 00000000 00:00 0 
7fbc0d41f000-7fbc0d59f000 ---p 00000000 00:00 0 
7fbc0d59f000-7fbc0f79f000 rw-p 00000000 00:00 0 
7fbc0f79f000-7fbc0f7a0000 ---p 00000000 00:00 0 
7fbc0f7a0000-7fbc0f8a0000 rw-p 00000000 00:00 0 
7fbc0f8a0000-7fbc0f8a1000 ---p 00000000 00:00 0 
7fbc0f8a1000-7fbc0f9b6000 rw-p 00000000 00:00 0 
7fbc0f9b6000-7fbc0faf6000 ---p 00000000 00:00 0 
7fbc0faf6000-7fbc0fb43000 rw-p 00000000 00:00 0 
7fbc0fb43000-7fbc0fba1000 ---p 00000000 00:00 0 
7fbc0fba1000-7fbc0fbbd000 rw-p 00000000 00:00 0 
7fbc0fbbd000-7fbc0ff62000 ---p 00000000 00:00 0 
7fbc0ff62000-7fbc105f2000 rwxp 00000000 00:00 0 
7fbc105f2000-7fbc1ef62000 ---p 00000000 00:00 0 
7fbc1ef62000-7fbc1ef7c000 r-xp 00000000 08:01 20452267                   /usr/lib/jvm/java-8-oracle/jre/lib/amd64/libzip.so
7fbc1ef7c000-7fbc1f17c000 ---p 0001a000 08:01 20452267                   /usr/lib/jvm/java-8-oracle/jre/lib/amd64/libzip.so
7fbc1f17c000-7fbc1f17d000 rw-p 0001a000 08:01 20452267                   /usr/lib/jvm/java-8-oracle/jre/lib/amd64/libzip.so
7fbc1f17d000-7fbc1f188000 r-xp 00000000 08:01 10490333                   /lib/x86_64-linux-gnu/libnss_files-2.23.so
7fbc1f188000-7fbc1f387000 ---p 0000b000 08:01 10490333                   /lib/x86_64-linux-gnu/libnss_files-2.23.so
7fbc1f387000-7fbc1f388000 r--p 0000a000 08:01 10490333                   /lib/x86_64-linux-gnu/libnss_files-2.23.so
7fbc1f388000-7fbc1f389000 rw-p 0000b000 08:01 10490333                   /lib/x86_64-linux-gnu/libnss_files-2.23.so
7fbc1f389000-7fbc1f38f000 rw-p 00000000 00:00 0 
7fbc1f38f000-7fbc1f39a000 r-xp 00000000 08:01 10490343                   /lib/x86_64-linux-gnu/libnss_nis-2.23.so
7fbc1f39a000-7fbc1f599000 ---p 0000b000 08:01 10490343                   /lib/x86_64-linux-gnu/libnss_nis-2.23.so
7fbc1f599000-7fbc1f59a000 r--p 0000a000 08:01 10490343                   /lib/x86_64-linux-gnu/libnss_nis-2.23.so
7fbc1f59a000-7fbc1f59b000 rw-p 0000b000 08:01 10490343                   /lib/x86_64-linux-gnu/libnss_nis-2.23.so
7fbc1f59b000-7fbc1f5b1000 r-xp 00000000 08:01 10490327                   /lib/x86_64-linux-gnu/libnsl-2.23.so
7fbc1f5b1000-7fbc1f7b0000 ---p 00016000 08:01 10490327                   /lib/x86_64-linux-gnu/libnsl-2.23.so
7fbc1f7b0000-7fbc1f7b1000 r--p 00015000 08:01 10490327                   /lib/x86_64-linux-gnu/libnsl-2.23.so
7fbc1f7b1000-7fbc1f7b2000 rw-p 00016000 08:01 10490327                   /lib/x86_64-linux-gnu/libnsl-2.23.so
7fbc1f7b2000-7fbc1f7b4000 rw-p 00000000 00:00 0 
7fbc1f7b4000-7fbc1f7bc000 r-xp 00000000 08:01 10490329                   /lib/x86_64-linux-gnu/libnss_compat-2.23.so
7fbc1f7bc000-7fbc1f9bb000 ---p 00008000 08:01 10490329                   /lib/x86_64-linux-gnu/libnss_compat-2.23.so
7fbc1f9bb000-7fbc1f9bc000 r--p 00007000 08:01 10490329                   /lib/x86_64-linux-gnu/libnss_compat-2.23.so
7fbc1f9bc000-7fbc1f9bd000 rw-p 00008000 08:01 10490329                   /lib/x86_64-linux-gnu/libnss_compat-2.23.so
7fbc1f9bd000-7fbc1f9e7000 r-xp 00000000 08:01 20452293                   /usr/lib/jvm/java-8-oracle/jre/lib/amd64/libjava.so
7fbc1f9e7000-7fbc1fbe7000 ---p 0002a000 08:01 20452293                   /usr/lib/jvm/java-8-oracle/jre/lib/amd64/libjava.so
7fbc1fbe7000-7fbc1fbe9000 rw-p 0002a000 08:01 20452293                   /usr/lib/jvm/java-8-oracle/jre/lib/amd64/libjava.so
7fbc1fbe9000-7fbc1fbf6000 r-xp 00000000 08:01 20452247                   /usr/lib/jvm/java-8-oracle/jre/lib/amd64/libverify.so
7fbc1fbf6000-7fbc1fdf6000 ---p 0000d000 08:01 20452247                   /usr/lib/jvm/java-8-oracle/jre/lib/amd64/libverify.so
7fbc1fdf6000-7fbc1fdf8000 rw-p 0000d000 08:01 20452247                   /usr/lib/jvm/java-8-oracle/jre/lib/amd64/libverify.so
7fbc1fdf8000-7fbc1fdff000 r-xp 00000000 08:01 10490388                   /lib/x86_64-linux-gnu/librt-2.23.so
7fbc1fdff000-7fbc1fffe000 ---p 00007000 08:01 10490388                   /lib/x86_64-linux-gnu/librt-2.23.so
7fbc1fffe000-7fbc1ffff000 r--p 00006000 08:01 10490388                   /lib/x86_64-linux-gnu/librt-2.23.so
7fbc1ffff000-7fbc20000000 rw-p 00007000 08:01 10490388                   /lib/x86_64-linux-gnu/librt-2.23.so
7fbc20000000-7fbc2038b000 rw-p 00000000 00:00 0 
7fbc2038b000-7fbc24000000 ---p 00000000 00:00 0 
7fbc2400a000-7fbc2406e000 rw-p 00000000 00:00 0 
7fbc2406e000-7fbc241af000 ---p 00000000 00:00 0 
7fbc241af000-7fbc242b7000 r-xp 00000000 08:01 10490304                   /lib/x86_64-linux-gnu/libm-2.23.so
7fbc242b7000-7fbc244b6000 ---p 00108000 08:01 10490304                   /lib/x86_64-linux-gnu/libm-2.23.so
7fbc244b6000-7fbc244b7000 r--p 00107000 08:01 10490304                   /lib/x86_64-linux-gnu/libm-2.23.so
7fbc244b7000-7fbc244b8000 rw-p 00108000 08:01 10490304                   /lib/x86_64-linux-gnu/libm-2.23.so
7fbc244b8000-7fbc25183000 r-xp 00000000 08:01 20452297                   /usr/lib/jvm/java-8-oracle/jre/lib/amd64/server/libjvm.so
7fbc25183000-7fbc25382000 ---p 00ccb000 08:01 20452297                   /usr/lib/jvm/java-8-oracle/jre/lib/amd64/server/libjvm.so
7fbc25382000-7fbc2545b000 rw-p 00cca000 08:01 20452297                   /usr/lib/jvm/java-8-oracle/jre/lib/amd64/server/libjvm.so
7fbc2545b000-7fbc254a6000 rw-p 00000000 00:00 0 
7fbc254a6000-7fbc25666000 r-xp 00000000 08:01 10490234                   /lib/x86_64-linux-gnu/libc-2.23.so
7fbc25666000-7fbc25865000 ---p 001c0000 08:01 10490234                   /lib/x86_64-linux-gnu/libc-2.23.so
7fbc25865000-7fbc25869000 r--p 001bf000 08:01 10490234                   /lib/x86_64-linux-gnu/libc-2.23.so
7fbc25869000-7fbc2586b000 rw-p 001c3000 08:01 10490234                   /lib/x86_64-linux-gnu/libc-2.23.so
7fbc2586b000-7fbc2586f000 rw-p 00000000 00:00 0 
7fbc2586f000-7fbc25872000 r-xp 00000000 08:01 10490258                   /lib/x86_64-linux-gnu/libdl-2.23.so
7fbc25872000-7fbc25a71000 ---p 00003000 08:01 10490258                   /lib/x86_64-linux-gnu/libdl-2.23.so
7fbc25a71000-7fbc25a72000 r--p 00002000 08:01 10490258                   /lib/x86_64-linux-gnu/libdl-2.23.so
7fbc25a72000-7fbc25a73000 rw-p 00003000 08:01 10490258                   /lib/x86_64-linux-gnu/libdl-2.23.so
7fbc25a73000-7fbc25a88000 r-xp 00000000 08:01 20322628                   /usr/lib/jvm/java-8-oracle/lib/amd64/jli/libjli.so
7fbc25a88000-7fbc25c88000 ---p 00015000 08:01 20322628                   /usr/lib/jvm/java-8-oracle/lib/amd64/jli/libjli.so
7fbc25c88000-7fbc25c89000 rw-p 00015000 08:01 20322628                   /usr/lib/jvm/java-8-oracle/lib/amd64/jli/libjli.so
7fbc25c89000-7fbc25ca1000 r-xp 00000000 08:01 10490380                   /lib/x86_64-linux-gnu/libpthread-2.23.so
7fbc25ca1000-7fbc25ea0000 ---p 00018000 08:01 10490380                   /lib/x86_64-linux-gnu/libpthread-2.23.so
7fbc25ea0000-7fbc25ea1000 r--p 00017000 08:01 10490380                   /lib/x86_64-linux-gnu/libpthread-2.23.so
7fbc25ea1000-7fbc25ea2000 rw-p 00018000 08:01 10490380                   /lib/x86_64-linux-gnu/libpthread-2.23.so
7fbc25ea2000-7fbc25ea6000 rw-p 00000000 00:00 0 
7fbc25ea6000-7fbc25ecc000 r-xp 00000000 08:01 10490206                   /lib/x86_64-linux-gnu/ld-2.23.so
7fbc25ed3000-7fbc25fac000 rw-p 00000000 00:00 0 
7fbc25fac000-7fbc25faf000 ---p 00000000 00:00 0 
7fbc25faf000-7fbc260b1000 rw-p 00000000 00:00 0 
7fbc260b1000-7fbc260bf000 r--s 000e0000 08:01 18618384                   /home/jeet/Android/Sdk/build-tools/24.0.2/lib/dx.jar
7fbc260bf000-7fbc260c7000 rw-s 00000000 08:01 6554270                    /tmp/hsperfdata_jeet/13234
7fbc260c7000-7fbc260c8000 rw-p 00000000 00:00 0 
7fbc260c8000-7fbc260c9000 ---p 00000000 00:00 0 
7fbc260c9000-7fbc260cb000 rw-p 00000000 00:00 0 
7fbc260cb000-7fbc260cc000 r--p 00025000 08:01 10490206                   /lib/x86_64-linux-gnu/ld-2.23.so
7fbc260cc000-7fbc260cd000 rw-p 00026000 08:01 10490206                   /lib/x86_64-linux-gnu/ld-2.23.so
7fbc260cd000-7fbc260ce000 rw-p 00000000 00:00 0 
7ffe3ccdf000-7ffe3cd00000 rw-p 00000000 00:00 0                          [stack]
7ffe3cd0d000-7ffe3cd0f000 r--p 00000000 00:00 0                          [vvar]
7ffe3cd0f000-7ffe3cd11000 r-xp 00000000 00:00 0                          [vdso]
ffffffffff600000-ffffffffff601000 r-xp 00000000 00:00 0                  [vsyscall]

VM Arguments:
jvm_args: -Djava.awt.headless=true -Xmx1024M -Dfile.encoding=UTF-8 -Duser.country=IN -Duser.language=en -Duser.variant 
java_command: com.android.dx.command.Main --dex --force-jumbo --num-threads=4 --multi-dex --output /home/jeet/AndroidStudioProjects/AbhiLocation/app/build/intermediates/transforms/dex/debug/folders/1000/10/com.android.support-appcompat-v7-24.2.0_ab1a9d77ae4ca6e7cb6031fb989fcb825e4e5aa3 /home/jeet/AndroidStudioProjects/AbhiLocation/app/build/intermediates/exploded-aar/com.android.support/appcompat-v7/24.2.0/jars/classes.jar
java_class_path (initial): /home/jeet/Android/Sdk/build-tools/24.0.2/lib/dx.jar
Launcher Type: SUN_STANDARD

Environment Variables:
PATH=/home/jeet/bin:/home/jeet/.local/bin:/usr/local/sbin:/usr/local/bin:/usr/sbin:/usr/bin:/sbin:/bin:/usr/games:/usr/local/games:/snap/bin
SHELL=/bin/bash
DISPLAY=:0

Signal Handlers:
SIGSEGV: [libjvm.so+0xac4790], sa_mask[0]=11111111011111111101111111111110, sa_flags=SA_RESTART|SA_SIGINFO
SIGBUS: [libjvm.so+0xac4790], sa_mask[0]=11111111011111111101111111111110, sa_flags=SA_RESTART|SA_SIGINFO
SIGFPE: [libjvm.so+0x91f140], sa_mask[0]=11111111011111111101111111111110, sa_flags=SA_RESTART|SA_SIGINFO
SIGPIPE: [libjvm.so+0x91f140], sa_mask[0]=11111111011111111101111111111110, sa_flags=SA_RESTART|SA_SIGINFO
SIGXFSZ: [libjvm.so+0x91f140], sa_mask[0]=11111111011111111101111111111110, sa_flags=SA_RESTART|SA_SIGINFO
SIGILL: [libjvm.so+0x91f140], sa_mask[0]=11111111011111111101111111111110, sa_flags=SA_RESTART|SA_SIGINFO
SIGUSR1: SIG_DFL, sa_mask[0]=00000000000000000000000000000000, sa_flags=none
SIGUSR2: [libjvm.so+0x920770], sa_mask[0]=00100000000000000000000000000000, sa_flags=SA_RESTART|SA_SIGINFO
SIGHUP: [libjvm.so+0x921b70], sa_mask[0]=11111111011111111101111111111110, sa_flags=SA_RESTART|SA_SIGINFO
SIGINT: [libjvm.so+0x921b70], sa_mask[0]=11111111011111111101111111111110, sa_flags=SA_RESTART|SA_SIGINFO
SIGTERM: [libjvm.so+0x921b70], sa_mask[0]=11111111011111111101111111111110, sa_flags=SA_RESTART|SA_SIGINFO
SIGQUIT: [libjvm.so+0x921b70], sa_mask[0]=11111111011111111101111111111110, sa_flags=SA_RESTART|SA_SIGINFO


---------------  S Y S T E M  ---------------

OS:DISTRIB_ID=Ubuntu
DISTRIB_RELEASE=16.04
DISTRIB_CODENAME=xenial
DISTRIB_DESCRIPTION="Ubuntu 16.04.1 LTS"

uname:Linux 4.4.0-45-generic #66-Ubuntu SMP Wed Oct 19 14:12:37 UTC 2016 x86_64
libc:glibc 2.23 NPTL 2.23 
rlimit: STACK 8192k, CORE 0k, NPROC 15513, NOFILE 65536, AS infinity
load average:8.63 4.13 2.97

/proc/meminfo:
MemTotal:        4010484 kB
MemFree:          135480 kB
MemAvailable:      78120 kB
Buffers:            7068 kB
Cached:           313752 kB
SwapCached:            0 kB
Active:          3481624 kB
Inactive:         266460 kB
Active(anon):    3432868 kB
Inactive(anon):   221256 kB
Active(file):      48756 kB
Inactive(file):    45204 kB
Unevictable:          32 kB
Mlocked:              32 kB
SwapTotal:             0 kB
SwapFree:              0 kB
Dirty:              4548 kB
Writeback:             0 kB
AnonPages:       3427220 kB
Mapped:            95628 kB
Shmem:            226984 kB
Slab:              60756 kB
SReclaimable:      30548 kB
SUnreclaim:        30208 kB
KernelStack:        8512 kB
PageTables:        35044 kB
NFS_Unstable:          0 kB
Bounce:                0 kB
WritebackTmp:          0 kB
CommitLimit:     2005240 kB
Committed_AS:    6712744 kB
VmallocTotal:   34359738367 kB
VmallocUsed:           0 kB
VmallocChunk:          0 kB
HardwareCorrupted:     0 kB
AnonHugePages:   2363392 kB
CmaTotal:              0 kB
CmaFree:               0 kB
HugePages_Total:       0
HugePages_Free:        0
HugePages_Rsvd:        0
HugePages_Surp:        0
Hugepagesize:       2048 kB
DirectMap4k:      131968 kB
DirectMap2M:     4026368 kB


CPU:total 2 (2 cores per cpu, 1 threads per core) family 6 model 23 stepping 10, cmov, cx8, fxsr, mmx, sse, sse2, sse3, ssse3, sse4.1, tsc

/proc/cpuinfo:
processor	: 0
vendor_id	: GenuineIntel
cpu family	: 6
model		: 23
model name	: Intel(R) Core(TM)2 Duo CPU     E7500  @ 2.93GHz
stepping	: 10
microcode	: 0xa0b
cpu MHz		: 2933.000
cache size	: 3072 KB
physical id	: 0
siblings	: 2
core id		: 0
cpu cores	: 2
apicid		: 0
initial apicid	: 0
fpu		: yes
fpu_exception	: yes
cpuid level	: 13
wp		: yes
flags		: fpu vme de pse tsc msr pae mce cx8 apic sep mtrr pge mca cmov pat pse36 clflush dts acpi mmx fxsr sse sse2 ss ht tm pbe syscall nx lm constant_tsc arch_perfmon pebs bts rep_good nopl aperfmperf pni dtes64 monitor ds_cpl vmx est tm2 ssse3 cx16 xtpr pdcm sse4_1 xsave lahf_lm tpr_shadow vnmi flexpriority dtherm
bugs		:
bogomips	: 5866.46
clflush size	: 64
cache_alignment	: 64
address sizes	: 36 bits physical, 48 bits virtual
power management:

processor	: 1
vendor_id	: GenuineIntel
cpu family	: 6
model		: 23
model name	: Intel(R) Core(TM)2 Duo CPU     E7500  @ 2.93GHz
stepping	: 10
microcode	: 0xa0b
cpu MHz		: 2933.000
cache size	: 3072 KB
physical id	: 0
siblings	: 2
core id		: 1
cpu cores	: 2
apicid		: 1
initial apicid	: 1
fpu		: yes
fpu_exception	: yes
cpuid level	: 13
wp		: yes
flags		: fpu vme de pse tsc msr pae mce cx8 apic sep mtrr pge mca cmov pat pse36 clflush dts acpi mmx fxsr sse sse2 ss ht tm pbe syscall nx lm constant_tsc arch_perfmon pebs bts rep_good nopl aperfmperf pni dtes64 monitor ds_cpl vmx est tm2 ssse3 cx16 xtpr pdcm sse4_1 xsave lahf_lm tpr_shadow vnmi flexpriority dtherm
bugs		:
bogomips	: 5866.46
clflush size	: 64
cache_alignment	: 64
address sizes	: 36 bits physical, 48 bits virtual
power management:



Memory: 4k page, physical 4010484k(135480k free), swap 0k(0k free)

vm_info: Java HotSpot(TM) 64-Bit Server VM (25.101-b13) for linux-amd64 JRE (1.8.0_101-b13), built on Jun 22 2016 02:59:44 by "java_re" with gcc 4.3.0 20080428 (Red Hat 4.3.0-8)

time: Thu Oct 27 15:48:39 2016
elapsed time: 6 seconds (0d 0h 0m 6s)

